<?xml version="1.0" encoding="UTF-8"?>
<!-- Generated by org.testng.reporters.JUnitXMLReporter -->
<testsuite ignored="2" hostname="Raghav_Global" failures="2" tests="2" name="SanityTests" time="0.037" errors="0" timestamp="2025-09-12T16:10:32 IST">
  <testcase classname="api.test.UserTests2" name="testGetAllUsers" time="0.016">
    <failure type="java.lang.Error" message="Unresolved compilation problem: 
	UserPayloads cannot be resolved
">
      <![CDATA[java.lang.Error: Unresolved compilation problem: 
UserPayloads cannot be resolved

at api.test.UserTests2.testGetAllUsers(UserTests2.java:50)
at java.base/java.util.ArrayList.forEach(ArrayList.java:1511)
... Removed 27 stack frames]]>
    </failure>
  </testcase> <!-- testGetAllUsers -->
  <testcase classname="api.test.UserTests2" name="testUpdateUser" time="0.006">
    <failure type="java.lang.Error" message="Unresolved compilation problems: 
	UserPayloads cannot be resolved
	UserPayloads cannot be resolved
">
      <![CDATA[java.lang.Error: Unresolved compilation problems: 
UserPayloads cannot be resolved
UserPayloads cannot be resolved

at api.test.UserTests2.testUpdateUser(UserTests2.java:75)
at java.base/java.util.ArrayList.forEach(ArrayList.java:1511)
... Removed 27 stack frames]]>
    </failure>
  </testcase> <!-- testUpdateUser -->
  <testcase classname="api.test.UserTests2" name="testCreateMultipleUsers" time="0.0">
    <ignored/>
  </testcase> <!-- testCreateMultipleUsers -->
  <testcase classname="api.test.UserTests2" name="testDeleteUser" time="0.0">
    <ignored/>
  </testcase> <!-- testDeleteUser -->
</testsuite> <!-- SanityTests -->
