<?xml version="1.0" encoding="UTF-8"?>
<!-- Generated by org.testng.reporters.JUnitXMLReporter -->
<testsuite ignored="2" hostname="Raghav_Global" failures="2" tests="2" name="SmokeTests" time="0.863" errors="0" timestamp="2025-09-12T16:10:31 IST">
  <testcase classname="api.test.UserTests" name="testCreateUser" time="0.102">
    <failure type="java.lang.Error" message="Unresolved compilation problem: 
	UserPayloads cannot be resolved
">
      <![CDATA[java.lang.Error: Unresolved compilation problem: 
UserPayloads cannot be resolved

at api.test.UserTests.testCreateUser(UserTests.java:17)
at java.base/java.util.ArrayList.forEach(ArrayList.java:1511)
... Removed 27 stack frames]]>
    </failure>
  </testcase> <!-- testCreateUser -->
  <testcase classname="api.test.UserTests" name="testDeleteUser" time="0.0">
    <failure type="java.lang.Error" message="Unresolved compilation problem: 
	UserPayloads cannot be resolved
">
      <![CDATA[java.lang.Error: Unresolved compilation problem: 
UserPayloads cannot be resolved

at api.test.UserTests.testDeleteUser(UserTests.java:91)
at java.base/java.util.ArrayList.forEach(ArrayList.java:1511)
... Removed 27 stack frames]]>
    </failure>
  </testcase> <!-- testDeleteUser -->
  <testcase classname="api.test.UserTests" name="testUpdateUser" time="0.0">
    <ignored/>
  </testcase> <!-- testUpdateUser -->
  <testcase classname="api.test.UserTests" name="testGetUserByName" time="0.0">
    <ignored/>
  </testcase> <!-- testGetUserByName -->
</testsuite> <!-- SmokeTests -->
