<?xml version="1.0" encoding="UTF-8"?>
<!-- Generated by org.testng.reporters.JUnitXMLReporter -->
<testsuite ignored="0" hostname="Raghav_Global" failures="0" tests="4" name="Default test" time="10.59" errors="0" timestamp="2025-09-02T14:47:23 IST">
  <testcase classname="api.test.UserTests2" name="testPostUser" time="5.088"/>
  <testcase classname="api.test.UserTests2" name="testGetUserByName" time="1.204"/>
  <testcase classname="api.test.UserTests2" name="testUpdateUser" time="2.39"/>
  <testcase classname="api.test.UserTests2" name="testDeleteUser" time="1.134"/>
</testsuite> <!-- Default test -->
