<?xml version="1.0" encoding="UTF-8"?>
<testsuite xmlns:xsi="http://www.w3.org/2001/XMLSchema-instance" xsi:noNamespaceSchemaLocation="https://maven.apache.org/surefire/maven-surefire-plugin/xsd/surefire-test-report-3.0.xsd" version="3.0" name="TestSuite" time="172.443" tests="108" errors="0" skipped="3" failures="2">
  <properties>
[...]
</properties>
  <testcase name="testPostUser" classname="api.test.UserTests" time="5.618">
    <system-out><![CDATA[14:33:24.589 [main] DEBUG org.testng.TestNG -- suiteXmlPath: "C:\Users\Raghav_Pareek\Desktop\Hybrid_Automation\PetStoreAutomation\testng.xml"
[2025-09-02 14:33:27] [INFO] UserTests - >>> Test user created with username: user5445
[2025-09-02 14:33:27] [INFO] UserTests - Sending request to create user: user5445
14:33:31.192 [main] DEBUG org.apache.http.impl.conn.BasicClientConnectionManager -- Get connection for route {s}->https://petstore.swagger.io:443
14:33:31.296 [main] DEBUG org.apache.http.impl.conn.DefaultClientConnectionOperator -- Connecting to petstore.swagger.io:443
14:33:32.565 [main] DEBUG org.apache.http.client.protocol.RequestAddCookies -- CookieSpec selected: ignoreCookies
14:33:32.569 [main] DEBUG org.apache.http.client.protocol.RequestAuthCache -- Auth cache not set in the context
14:33:32.571 [main] DEBUG org.apache.http.client.protocol.RequestTargetAuthentication -- Target auth state: UNCHALLENGED
14:33:32.572 [main] DEBUG org.apache.http.client.protocol.RequestProxyAuthentication -- Proxy auth state: UNCHALLENGED
14:33:32.574 [main] DEBUG org.apache.http.impl.client.DefaultHttpClient -- Attempt 1 to execute request
14:33:32.574 [main] DEBUG org.apache.http.impl.conn.DefaultClientConnection -- Sending request: POST /v2/user HTTP/1.1
14:33:32.576 [main] DEBUG org.apache.http.wire --  >> "POST /v2/user HTTP/1.1[\r][\n]"
14:33:32.578 [main] DEBUG org.apache.http.wire --  >> "Accept: application/json, application/javascript, text/javascript, text/json[\r][\n]"
14:33:32.579 [main] DEBUG org.apache.http.wire --  >> "Content-Type: application/json[\r][\n]"
14:33:32.579 [main] DEBUG org.apache.http.wire --  >> "Content-Length: 179[\r][\n]"
14:33:32.579 [main] DEBUG org.apache.http.wire --  >> "Host: petstore.swagger.io[\r][\n]"
14:33:32.580 [main] DEBUG org.apache.http.wire --  >> "Connection: Keep-Alive[\r][\n]"
14:33:32.580 [main] DEBUG org.apache.http.wire --  >> "User-Agent: Apache-HttpClient/4.5.13 (Java/17.0.16)[\r][\n]"
14:33:32.580 [main] DEBUG org.apache.http.wire --  >> "Accept-Encoding: gzip,deflate[\r][\n]"
14:33:32.580 [main] DEBUG org.apache.http.wire --  >> "[\r][\n]"
14:33:32.580 [main] DEBUG org.apache.http.headers -- >> POST /v2/user HTTP/1.1
14:33:32.581 [main] DEBUG org.apache.http.headers -- >> Accept: application/json, application/javascript, text/javascript, text/json
14:33:32.581 [main] DEBUG org.apache.http.headers -- >> Content-Type: application/json
14:33:32.581 [main] DEBUG org.apache.http.headers -- >> Content-Length: 179
14:33:32.581 [main] DEBUG org.apache.http.headers -- >> Host: petstore.swagger.io
14:33:32.582 [main] DEBUG org.apache.http.headers -- >> Connection: Keep-Alive
14:33:32.582 [main] DEBUG org.apache.http.headers -- >> User-Agent: Apache-HttpClient/4.5.13 (Java/17.0.16)
14:33:32.582 [main] DEBUG org.apache.http.headers -- >> Accept-Encoding: gzip,deflate
14:33:32.583 [main] DEBUG org.apache.http.wire --  >> "{"id":75155,"username":"user5445","firstName":"Eugenio","lastName":"Wintheiser","email":"latoyia.hand@yahoo.com","password":"8ovwg01wnshg","phone":"1-101-054-4900","userStatus":1}"
14:33:32.840 [main] DEBUG org.apache.http.wire --  << "HTTP/1.1 200 OK[\r][\n]"
14:33:32.844 [main] DEBUG org.apache.http.wire --  << "Date: Tue, 02 Sep 2025 09:03:32 GMT[\r][\n]"
14:33:32.844 [main] DEBUG org.apache.http.wire --  << "Content-Type: application/json[\r][\n]"
14:33:32.844 [main] DEBUG org.apache.http.wire --  << "Transfer-Encoding: chunked[\r][\n]"
14:33:32.844 [main] DEBUG org.apache.http.wire --  << "Connection: keep-alive[\r][\n]"
14:33:32.845 [main] DEBUG org.apache.http.wire --  << "Access-Control-Allow-Origin: *[\r][\n]"
14:33:32.845 [main] DEBUG org.apache.http.wire --  << "Access-Control-Allow-Methods: GET, POST, DELETE, PUT[\r][\n]"
14:33:32.846 [main] DEBUG org.apache.http.wire --  << "Access-Control-Allow-Headers: Content-Type, api_key, Authorization[\r][\n]"
14:33:32.846 [main] DEBUG org.apache.http.wire --  << "Server: Jetty(9.2.9.v20150224)[\r][\n]"
14:33:32.846 [main] DEBUG org.apache.http.wire --  << "[\r][\n]"
14:33:32.848 [main] DEBUG org.apache.http.impl.conn.DefaultClientConnection -- Receiving response: HTTP/1.1 200 OK
14:33:32.848 [main] DEBUG org.apache.http.headers -- << HTTP/1.1 200 OK
14:33:32.849 [main] DEBUG org.apache.http.headers -- << Date: Tue, 02 Sep 2025 09:03:32 GMT
14:33:32.849 [main] DEBUG org.apache.http.headers -- << Content-Type: application/json
14:33:32.849 [main] DEBUG org.apache.http.headers -- << Transfer-Encoding: chunked
14:33:32.850 [main] DEBUG org.apache.http.headers -- << Connection: keep-alive
14:33:32.850 [main] DEBUG org.apache.http.headers -- << Access-Control-Allow-Origin: *
14:33:32.850 [main] DEBUG org.apache.http.headers -- << Access-Control-Allow-Methods: GET, POST, DELETE, PUT
14:33:32.850 [main] DEBUG org.apache.http.headers -- << Access-Control-Allow-Headers: Content-Type, api_key, Authorization
14:33:32.850 [main] DEBUG org.apache.http.headers -- << Server: Jetty(9.2.9.v20150224)
14:33:32.865 [main] DEBUG org.apache.http.impl.client.DefaultHttpClient -- Connection can be kept alive indefinitely
14:33:32.879 [main] DEBUG io.restassured.internal.RestAssuredHttpBuilder -- Parsing response as: application/json
14:33:32.879 [main] DEBUG io.restassured.internal.RestAssuredHttpBuilder -- Parsed data to instance of: class org.apache.http.conn.EofSensorInputStream
14:33:32.976 [main] DEBUG org.apache.http.wire --  << "2f[\r][\n]"
14:33:32.977 [main] DEBUG org.apache.http.wire --  << "{"code":200,"type":"unknown","message":"75155"}"
14:33:32.979 [main] DEBUG org.apache.http.wire --  << "[\r][\n]"
14:33:32.980 [main] DEBUG org.apache.http.wire --  << "0[\r][\n]"
14:33:32.980 [main] DEBUG org.apache.http.wire --  << "[\r][\n]"
14:33:32.980 [main] DEBUG org.apache.http.impl.conn.BasicClientConnectionManager -- Releasing connection org.apache.http.impl.conn.ManagedClientConnectionImpl@6d9ee75a
14:33:32.981 [main] DEBUG org.apache.http.impl.conn.BasicClientConnectionManager -- Connection can be kept alive indefinitely
HTTP/1.1 200 OK
Date: Tue, 02 Sep 2025 09:03:32 GMT
Content-Type: application/json
Transfer-Encoding: chunked
Connection: keep-alive
Access-Control-Allow-Origin: *
Access-Control-Allow-Methods: GET, POST, DELETE, PUT
Access-Control-Allow-Headers: Content-Type, api_key, Authorization
Server: Jetty(9.2.9.v20150224)

{
    "code": 200,
    "type": "unknown",
    "message": "75155"
}
[2025-09-02 14:33:33] [INFO] UserTests - User creation test passed.
]]></system-out>
  </testcase>
  <testcase name="testGetUserByName" classname="api.test.UserTests" time="1.747">
    <system-out><![CDATA[[2025-09-02 14:33:33] [INFO] UserTests - Fetching user by username: user5445
14:33:33.697 [main] DEBUG org.apache.http.impl.conn.BasicClientConnectionManager -- Get connection for route {s}->https://petstore.swagger.io:443
14:33:33.697 [main] DEBUG org.apache.http.impl.conn.DefaultClientConnectionOperator -- Connecting to petstore.swagger.io:443
14:33:34.528 [main] DEBUG org.apache.http.client.protocol.RequestAddCookies -- CookieSpec selected: ignoreCookies
14:33:34.528 [main] DEBUG org.apache.http.client.protocol.RequestAuthCache -- Auth cache not set in the context
14:33:34.529 [main] DEBUG org.apache.http.client.protocol.RequestTargetAuthentication -- Target auth state: UNCHALLENGED
14:33:34.529 [main] DEBUG org.apache.http.client.protocol.RequestProxyAuthentication -- Proxy auth state: UNCHALLENGED
14:33:34.529 [main] DEBUG org.apache.http.impl.client.DefaultHttpClient -- Attempt 1 to execute request
14:33:34.530 [main] DEBUG org.apache.http.impl.conn.DefaultClientConnection -- Sending request: GET /v2/user/user5445 HTTP/1.1
14:33:34.530 [main] DEBUG org.apache.http.wire --  >> "GET /v2/user/user5445 HTTP/1.1[\r][\n]"
14:33:34.530 [main] DEBUG org.apache.http.wire --  >> "Accept: */*[\r][\n]"
14:33:34.530 [main] DEBUG org.apache.http.wire --  >> "Host: petstore.swagger.io[\r][\n]"
14:33:34.531 [main] DEBUG org.apache.http.wire --  >> "Connection: Keep-Alive[\r][\n]"
14:33:34.531 [main] DEBUG org.apache.http.wire --  >> "User-Agent: Apache-HttpClient/4.5.13 (Java/17.0.16)[\r][\n]"
14:33:34.531 [main] DEBUG org.apache.http.wire --  >> "Accept-Encoding: gzip,deflate[\r][\n]"
14:33:34.531 [main] DEBUG org.apache.http.wire --  >> "[\r][\n]"
14:33:34.532 [main] DEBUG org.apache.http.headers -- >> GET /v2/user/user5445 HTTP/1.1
14:33:34.532 [main] DEBUG org.apache.http.headers -- >> Accept: */*
14:33:34.532 [main] DEBUG org.apache.http.headers -- >> Host: petstore.swagger.io
14:33:34.532 [main] DEBUG org.apache.http.headers -- >> Connection: Keep-Alive
14:33:34.532 [main] DEBUG org.apache.http.headers -- >> User-Agent: Apache-HttpClient/4.5.13 (Java/17.0.16)
14:33:34.533 [main] DEBUG org.apache.http.headers -- >> Accept-Encoding: gzip,deflate
14:33:34.813 [main] DEBUG org.apache.http.wire --  << "HTTP/1.1 200 OK[\r][\n]"
14:33:34.814 [main] DEBUG org.apache.http.wire --  << "Date: Tue, 02 Sep 2025 09:03:34 GMT[\r][\n]"
14:33:34.814 [main] DEBUG org.apache.http.wire --  << "Content-Type: application/json[\r][\n]"
14:33:34.814 [main] DEBUG org.apache.http.wire --  << "Transfer-Encoding: chunked[\r][\n]"
14:33:34.815 [main] DEBUG org.apache.http.wire --  << "Connection: keep-alive[\r][\n]"
14:33:34.815 [main] DEBUG org.apache.http.wire --  << "Access-Control-Allow-Origin: *[\r][\n]"
14:33:34.815 [main] DEBUG org.apache.http.wire --  << "Access-Control-Allow-Methods: GET, POST, DELETE, PUT[\r][\n]"
14:33:34.815 [main] DEBUG org.apache.http.wire --  << "Access-Control-Allow-Headers: Content-Type, api_key, Authorization[\r][\n]"
14:33:34.815 [main] DEBUG org.apache.http.wire --  << "Server: Jetty(9.2.9.v20150224)[\r][\n]"
14:33:34.815 [main] DEBUG org.apache.http.wire --  << "[\r][\n]"
14:33:34.817 [main] DEBUG org.apache.http.impl.conn.DefaultClientConnection -- Receiving response: HTTP/1.1 200 OK
14:33:34.817 [main] DEBUG org.apache.http.headers -- << HTTP/1.1 200 OK
14:33:34.817 [main] DEBUG org.apache.http.headers -- << Date: Tue, 02 Sep 2025 09:03:34 GMT
14:33:34.817 [main] DEBUG org.apache.http.headers -- << Content-Type: application/json
14:33:34.817 [main] DEBUG org.apache.http.headers -- << Transfer-Encoding: chunked
14:33:34.817 [main] DEBUG org.apache.http.headers -- << Connection: keep-alive
14:33:34.817 [main] DEBUG org.apache.http.headers -- << Access-Control-Allow-Origin: *
14:33:34.818 [main] DEBUG org.apache.http.headers -- << Access-Control-Allow-Methods: GET, POST, DELETE, PUT
14:33:34.818 [main] DEBUG org.apache.http.headers -- << Access-Control-Allow-Headers: Content-Type, api_key, Authorization
14:33:34.818 [main] DEBUG org.apache.http.headers -- << Server: Jetty(9.2.9.v20150224)
14:33:34.818 [main] DEBUG org.apache.http.impl.client.DefaultHttpClient -- Connection can be kept alive indefinitely
14:33:34.818 [main] DEBUG io.restassured.internal.RestAssuredHttpBuilder -- Parsing response as: application/json
14:33:34.819 [main] DEBUG io.restassured.internal.RestAssuredHttpBuilder -- Parsed data to instance of: class org.apache.http.conn.EofSensorInputStream
14:33:34.821 [main] DEBUG org.apache.http.wire --  << "b3[\r][\n]"
14:33:34.822 [main] DEBUG org.apache.http.wire --  << "{"id":75155,"username":"user5445","firstName":"Eugenio","lastName":"Wintheiser","email":"latoyia.hand@yahoo.com","password":"8ovwg01wnshg","phone":"1-101-054-4900","userStatus":1}"
14:33:34.822 [main] DEBUG org.apache.http.wire --  << "[\r][\n]"
14:33:34.823 [main] DEBUG org.apache.http.wire --  << "0[\r][\n]"
14:33:34.823 [main] DEBUG org.apache.http.wire --  << "[\r][\n]"
14:33:34.824 [main] DEBUG org.apache.http.impl.conn.BasicClientConnectionManager -- Releasing connection org.apache.http.impl.conn.ManagedClientConnectionImpl@3921e96f
14:33:34.824 [main] DEBUG org.apache.http.impl.conn.BasicClientConnectionManager -- Connection can be kept alive indefinitely
HTTP/1.1 200 OK
Date: Tue, 02 Sep 2025 09:03:34 GMT
Content-Type: application/json
Transfer-Encoding: chunked
Connection: keep-alive
Access-Control-Allow-Origin: *
Access-Control-Allow-Methods: GET, POST, DELETE, PUT
Access-Control-Allow-Headers: Content-Type, api_key, Authorization
Server: Jetty(9.2.9.v20150224)

{
    "id": 75155,
    "username": "user5445",
    "firstName": "Eugenio",
    "lastName": "Wintheiser",
    "email": "latoyia.hand@yahoo.com",
    "password": "8ovwg01wnshg",
    "phone": "1-101-054-4900",
    "userStatus": 1
}
[2025-09-02 14:33:34] [INFO] UserTests - User retrieval test passed.
]]></system-out>
  </testcase>
  <testcase name="testUpdateUser" classname="api.test.UserTests" time="2.554">
    <failure message="Updated user not found! expected [200] but found [404]" type="java.lang.AssertionError"><![CDATA[java.lang.AssertionError: Updated user not found! expected [200] but found [404]
	at org.testng.Assert.fail(Assert.java:111)
	at org.testng.Assert.failNotEquals(Assert.java:1578)
	at org.testng.Assert.assertEqualsImpl(Assert.java:150)
	at org.testng.Assert.assertEquals(Assert.java:132)
	at org.testng.Assert.assertEquals(Assert.java:1419)
	at org.testng.Assert.assertEquals(Assert.java:1383)
	at api.test.UserTests.testUpdateUser(UserTests.java:75)
	at java.base/jdk.internal.reflect.NativeMethodAccessorImpl.invoke0(Native Method)
	at java.base/jdk.internal.reflect.NativeMethodAccessorImpl.invoke(NativeMethodAccessorImpl.java:77)
	at java.base/jdk.internal.reflect.DelegatingMethodAccessorImpl.invoke(DelegatingMethodAccessorImpl.java:43)
	at java.base/java.lang.reflect.Method.invoke(Method.java:569)
	at org.testng.internal.invokers.MethodInvocationHelper.invokeMethod(MethodInvocationHelper.java:139)
	at org.testng.internal.invokers.TestInvoker.invokeMethod(TestInvoker.java:664)
	at org.testng.internal.invokers.TestInvoker.invokeTestMethod(TestInvoker.java:228)
	at org.testng.internal.invokers.MethodRunner.runInSequence(MethodRunner.java:63)
	at org.testng.internal.invokers.TestInvoker$MethodInvocationAgent.invoke(TestInvoker.java:961)
	at org.testng.internal.invokers.TestInvoker.invokeTestMethods(TestInvoker.java:201)
	at org.testng.internal.invokers.TestMethodWorker.invokeTestMethods(TestMethodWorker.java:148)
	at org.testng.internal.invokers.TestMethodWorker.run(TestMethodWorker.java:128)
	at java.base/java.util.ArrayList.forEach(ArrayList.java:1511)
	at org.testng.TestRunner.privateRun(TestRunner.java:819)
	at org.testng.TestRunner.run(TestRunner.java:619)
	at org.testng.SuiteRunner.runTest(SuiteRunner.java:443)
	at org.testng.SuiteRunner.runSequentially(SuiteRunner.java:437)
	at org.testng.SuiteRunner.privateRun(SuiteRunner.java:397)
	at org.testng.SuiteRunner.run(SuiteRunner.java:336)
	at org.testng.SuiteRunnerWorker.runSuite(SuiteRunnerWorker.java:52)
	at org.testng.SuiteRunnerWorker.run(SuiteRunnerWorker.java:95)
	at org.testng.TestNG.runSuitesSequentially(TestNG.java:1301)
	at org.testng.TestNG.runSuitesLocally(TestNG.java:1228)
	at org.testng.TestNG.runSuites(TestNG.java:1134)
	at org.testng.TestNG.run(TestNG.java:1101)
	at org.apache.maven.surefire.testng.TestNGExecutor.run(TestNGExecutor.java:308)
	at org.apache.maven.surefire.testng.TestNGXmlTestSuite.execute(TestNGXmlTestSuite.java:71)
	at org.apache.maven.surefire.testng.TestNGProvider.invoke(TestNGProvider.java:113)
	at org.apache.maven.surefire.booter.ForkedBooter.runSuitesInProcess(ForkedBooter.java:385)
	at org.apache.maven.surefire.booter.ForkedBooter.execute(ForkedBooter.java:162)
	at org.apache.maven.surefire.booter.ForkedBooter.run(ForkedBooter.java:507)
	at org.apache.maven.surefire.booter.ForkedBooter.main(ForkedBooter.java:495)
]]></failure>
    <system-out><![CDATA[[2025-09-02 14:33:34] [INFO] UserTests - Updating user: user5445
14:33:34.902 [main] DEBUG org.apache.http.impl.conn.BasicClientConnectionManager -- Get connection for route {s}->https://petstore.swagger.io:443
14:33:34.904 [main] DEBUG org.apache.http.impl.conn.DefaultClientConnectionOperator -- Connecting to petstore.swagger.io:443
14:33:35.822 [main] DEBUG org.apache.http.client.protocol.RequestAddCookies -- CookieSpec selected: ignoreCookies
14:33:35.822 [main] DEBUG org.apache.http.client.protocol.RequestAuthCache -- Auth cache not set in the context
14:33:35.822 [main] DEBUG org.apache.http.client.protocol.RequestTargetAuthentication -- Target auth state: UNCHALLENGED
14:33:35.822 [main] DEBUG org.apache.http.client.protocol.RequestProxyAuthentication -- Proxy auth state: UNCHALLENGED
14:33:35.823 [main] DEBUG org.apache.http.impl.client.DefaultHttpClient -- Attempt 1 to execute request
14:33:35.823 [main] DEBUG org.apache.http.impl.conn.DefaultClientConnection -- Sending request: PUT /v2/user/user5445 HTTP/1.1
14:33:35.823 [main] DEBUG org.apache.http.wire --  >> "PUT /v2/user/user5445 HTTP/1.1[\r][\n]"
14:33:35.824 [main] DEBUG org.apache.http.wire --  >> "Accept: application/json, application/javascript, text/javascript, text/json[\r][\n]"
14:33:35.824 [main] DEBUG org.apache.http.wire --  >> "Content-Type: application/json[\r][\n]"
14:33:35.824 [main] DEBUG org.apache.http.wire --  >> "Content-Length: 175[\r][\n]"
14:33:35.824 [main] DEBUG org.apache.http.wire --  >> "Host: petstore.swagger.io[\r][\n]"
14:33:35.824 [main] DEBUG org.apache.http.wire --  >> "Connection: Keep-Alive[\r][\n]"
14:33:35.824 [main] DEBUG org.apache.http.wire --  >> "User-Agent: Apache-HttpClient/4.5.13 (Java/17.0.16)[\r][\n]"
14:33:35.825 [main] DEBUG org.apache.http.wire --  >> "Accept-Encoding: gzip,deflate[\r][\n]"
14:33:35.825 [main] DEBUG org.apache.http.wire --  >> "[\r][\n]"
14:33:35.825 [main] DEBUG org.apache.http.headers -- >> PUT /v2/user/user5445 HTTP/1.1
14:33:35.825 [main] DEBUG org.apache.http.headers -- >> Accept: application/json, application/javascript, text/javascript, text/json
14:33:35.825 [main] DEBUG org.apache.http.headers -- >> Content-Type: application/json
14:33:35.825 [main] DEBUG org.apache.http.headers -- >> Content-Length: 175
14:33:35.825 [main] DEBUG org.apache.http.headers -- >> Host: petstore.swagger.io
14:33:35.825 [main] DEBUG org.apache.http.headers -- >> Connection: Keep-Alive
14:33:35.825 [main] DEBUG org.apache.http.headers -- >> User-Agent: Apache-HttpClient/4.5.13 (Java/17.0.16)
14:33:35.825 [main] DEBUG org.apache.http.headers -- >> Accept-Encoding: gzip,deflate
14:33:35.825 [main] DEBUG org.apache.http.wire --  >> "{"id":75155,"username":"user5445","firstName":"Eugenio","lastName":"Jones","email":"maida.frami@hotmail.com","password":"uz9b5yvgt2vc1m","phone":"920.273.7630","userStatus":1}"
14:33:36.126 [main] DEBUG org.apache.http.wire --  << "HTTP/1.1 200 OK[\r][\n]"
14:33:36.126 [main] DEBUG org.apache.http.wire --  << "Date: Tue, 02 Sep 2025 09:03:35 GMT[\r][\n]"
14:33:36.126 [main] DEBUG org.apache.http.wire --  << "Content-Type: application/json[\r][\n]"
14:33:36.126 [main] DEBUG org.apache.http.wire --  << "Transfer-Encoding: chunked[\r][\n]"
14:33:36.126 [main] DEBUG org.apache.http.wire --  << "Connection: keep-alive[\r][\n]"
14:33:36.126 [main] DEBUG org.apache.http.wire --  << "Access-Control-Allow-Origin: *[\r][\n]"
14:33:36.126 [main] DEBUG org.apache.http.wire --  << "Access-Control-Allow-Methods: GET, POST, DELETE, PUT[\r][\n]"
14:33:36.127 [main] DEBUG org.apache.http.wire --  << "Access-Control-Allow-Headers: Content-Type, api_key, Authorization[\r][\n]"
14:33:36.127 [main] DEBUG org.apache.http.wire --  << "Server: Jetty(9.2.9.v20150224)[\r][\n]"
14:33:36.127 [main] DEBUG org.apache.http.wire --  << "[\r][\n]"
14:33:36.127 [main] DEBUG org.apache.http.impl.conn.DefaultClientConnection -- Receiving response: HTTP/1.1 200 OK
14:33:36.127 [main] DEBUG org.apache.http.headers -- << HTTP/1.1 200 OK
14:33:36.127 [main] DEBUG org.apache.http.headers -- << Date: Tue, 02 Sep 2025 09:03:35 GMT
14:33:36.128 [main] DEBUG org.apache.http.headers -- << Content-Type: application/json
14:33:36.128 [main] DEBUG org.apache.http.headers -- << Transfer-Encoding: chunked
14:33:36.128 [main] DEBUG org.apache.http.headers -- << Connection: keep-alive
14:33:36.128 [main] DEBUG org.apache.http.headers -- << Access-Control-Allow-Origin: *
14:33:36.129 [main] DEBUG org.apache.http.headers -- << Access-Control-Allow-Methods: GET, POST, DELETE, PUT
14:33:36.129 [main] DEBUG org.apache.http.headers -- << Access-Control-Allow-Headers: Content-Type, api_key, Authorization
14:33:36.129 [main] DEBUG org.apache.http.headers -- << Server: Jetty(9.2.9.v20150224)
14:33:36.129 [main] DEBUG org.apache.http.impl.client.DefaultHttpClient -- Connection can be kept alive indefinitely
14:33:36.130 [main] DEBUG io.restassured.internal.RestAssuredHttpBuilder -- Parsing response as: application/json
14:33:36.130 [main] DEBUG io.restassured.internal.RestAssuredHttpBuilder -- Parsed data to instance of: class org.apache.http.conn.EofSensorInputStream
14:33:36.133 [main] DEBUG org.apache.http.wire --  << "2f[\r][\n]"
14:33:36.133 [main] DEBUG org.apache.http.wire --  << "{"code":200,"type":"unknown","message":"75155"}"
14:33:36.133 [main] DEBUG org.apache.http.wire --  << "[\r][\n]"
14:33:36.134 [main] DEBUG org.apache.http.wire --  << "0[\r][\n]"
14:33:36.134 [main] DEBUG org.apache.http.wire --  << "[\r][\n]"
14:33:36.134 [main] DEBUG org.apache.http.impl.conn.BasicClientConnectionManager -- Releasing connection org.apache.http.impl.conn.ManagedClientConnectionImpl@1d1fd2aa
14:33:36.135 [main] DEBUG org.apache.http.impl.conn.BasicClientConnectionManager -- Connection can be kept alive indefinitely
HTTP/1.1 200 OK
Date: Tue, 02 Sep 2025 09:03:35 GMT
Content-Type: application/json
Transfer-Encoding: chunked
Connection: keep-alive
Access-Control-Allow-Origin: *
Access-Control-Allow-Methods: GET, POST, DELETE, PUT
Access-Control-Allow-Headers: Content-Type, api_key, Authorization
Server: Jetty(9.2.9.v20150224)

{
    "code": 200,
    "type": "unknown",
    "message": "75155"
}
[2025-09-02 14:33:36] [INFO] UserTests - User update request successful.
14:33:36.173 [main] DEBUG org.apache.http.impl.conn.BasicClientConnectionManager -- Get connection for route {s}->https://petstore.swagger.io:443
14:33:36.174 [main] DEBUG org.apache.http.impl.conn.DefaultClientConnectionOperator -- Connecting to petstore.swagger.io:443
14:33:36.985 [main] DEBUG org.apache.http.client.protocol.RequestAddCookies -- CookieSpec selected: ignoreCookies
14:33:36.986 [main] DEBUG org.apache.http.client.protocol.RequestAuthCache -- Auth cache not set in the context
14:33:36.986 [main] DEBUG org.apache.http.client.protocol.RequestTargetAuthentication -- Target auth state: UNCHALLENGED
14:33:36.986 [main] DEBUG org.apache.http.client.protocol.RequestProxyAuthentication -- Proxy auth state: UNCHALLENGED
14:33:36.987 [main] DEBUG org.apache.http.impl.client.DefaultHttpClient -- Attempt 1 to execute request
14:33:36.987 [main] DEBUG org.apache.http.impl.conn.DefaultClientConnection -- Sending request: GET /v2/user/user5445 HTTP/1.1
14:33:36.987 [main] DEBUG org.apache.http.wire --  >> "GET /v2/user/user5445 HTTP/1.1[\r][\n]"
14:33:36.988 [main] DEBUG org.apache.http.wire --  >> "Accept: */*[\r][\n]"
14:33:36.988 [main] DEBUG org.apache.http.wire --  >> "Host: petstore.swagger.io[\r][\n]"
14:33:36.988 [main] DEBUG org.apache.http.wire --  >> "Connection: Keep-Alive[\r][\n]"
14:33:36.988 [main] DEBUG org.apache.http.wire --  >> "User-Agent: Apache-HttpClient/4.5.13 (Java/17.0.16)[\r][\n]"
14:33:36.989 [main] DEBUG org.apache.http.wire --  >> "Accept-Encoding: gzip,deflate[\r][\n]"
14:33:36.990 [main] DEBUG org.apache.http.wire --  >> "[\r][\n]"
14:33:36.991 [main] DEBUG org.apache.http.headers -- >> GET /v2/user/user5445 HTTP/1.1
14:33:36.991 [main] DEBUG org.apache.http.headers -- >> Accept: */*
14:33:36.991 [main] DEBUG org.apache.http.headers -- >> Host: petstore.swagger.io
14:33:36.992 [main] DEBUG org.apache.http.headers -- >> Connection: Keep-Alive
14:33:36.992 [main] DEBUG org.apache.http.headers -- >> User-Agent: Apache-HttpClient/4.5.13 (Java/17.0.16)
14:33:36.992 [main] DEBUG org.apache.http.headers -- >> Accept-Encoding: gzip,deflate
14:33:37.355 [main] DEBUG org.apache.http.wire --  << "HTTP/1.1 404 Not Found[\r][\n]"
14:33:37.355 [main] DEBUG org.apache.http.wire --  << "Date: Tue, 02 Sep 2025 09:03:36 GMT[\r][\n]"
14:33:37.355 [main] DEBUG org.apache.http.wire --  << "Content-Type: application/json[\r][\n]"
14:33:37.355 [main] DEBUG org.apache.http.wire --  << "Transfer-Encoding: chunked[\r][\n]"
14:33:37.356 [main] DEBUG org.apache.http.wire --  << "Connection: keep-alive[\r][\n]"
14:33:37.356 [main] DEBUG org.apache.http.wire --  << "Access-Control-Allow-Origin: *[\r][\n]"
14:33:37.356 [main] DEBUG org.apache.http.wire --  << "Access-Control-Allow-Methods: GET, POST, DELETE, PUT[\r][\n]"
14:33:37.356 [main] DEBUG org.apache.http.wire --  << "Access-Control-Allow-Headers: Content-Type, api_key, Authorization[\r][\n]"
14:33:37.356 [main] DEBUG org.apache.http.wire --  << "Server: Jetty(9.2.9.v20150224)[\r][\n]"
14:33:37.356 [main] DEBUG org.apache.http.wire --  << "[\r][\n]"
14:33:37.356 [main] DEBUG org.apache.http.impl.conn.DefaultClientConnection -- Receiving response: HTTP/1.1 404 Not Found
14:33:37.356 [main] DEBUG org.apache.http.headers -- << HTTP/1.1 404 Not Found
14:33:37.357 [main] DEBUG org.apache.http.headers -- << Date: Tue, 02 Sep 2025 09:03:36 GMT
14:33:37.357 [main] DEBUG org.apache.http.headers -- << Content-Type: application/json
14:33:37.357 [main] DEBUG org.apache.http.headers -- << Transfer-Encoding: chunked
14:33:37.357 [main] DEBUG org.apache.http.headers -- << Connection: keep-alive
14:33:37.357 [main] DEBUG org.apache.http.headers -- << Access-Control-Allow-Origin: *
14:33:37.357 [main] DEBUG org.apache.http.headers -- << Access-Control-Allow-Methods: GET, POST, DELETE, PUT
14:33:37.357 [main] DEBUG org.apache.http.headers -- << Access-Control-Allow-Headers: Content-Type, api_key, Authorization
14:33:37.357 [main] DEBUG org.apache.http.headers -- << Server: Jetty(9.2.9.v20150224)
14:33:37.357 [main] DEBUG org.apache.http.impl.client.DefaultHttpClient -- Connection can be kept alive indefinitely
14:33:37.358 [main] DEBUG io.restassured.internal.RestAssuredHttpBuilder -- Parsing response as: application/json
14:33:37.358 [main] DEBUG io.restassured.internal.RestAssuredHttpBuilder -- Parsed data to instance of: class org.apache.http.conn.EofSensorInputStream
14:33:37.359 [main] DEBUG org.apache.http.wire --  << "34[\r][\n]"
14:33:37.360 [main] DEBUG org.apache.http.wire --  << "{"code":1,"type":"error","message":"User not found"}"
14:33:37.360 [main] DEBUG org.apache.http.wire --  << "[\r][\n]"
14:33:37.361 [main] DEBUG org.apache.http.wire --  << "0[\r][\n]"
14:33:37.361 [main] DEBUG org.apache.http.wire --  << "[\r][\n]"
14:33:37.361 [main] DEBUG org.apache.http.impl.conn.BasicClientConnectionManager -- Releasing connection org.apache.http.impl.conn.ManagedClientConnectionImpl@54033a65
14:33:37.361 [main] DEBUG org.apache.http.impl.conn.BasicClientConnectionManager -- Connection can be kept alive indefinitely
HTTP/1.1 404 Not Found
Date: Tue, 02 Sep 2025 09:03:36 GMT
Content-Type: application/json
Transfer-Encoding: chunked
Connection: keep-alive
Access-Control-Allow-Origin: *
Access-Control-Allow-Methods: GET, POST, DELETE, PUT
Access-Control-Allow-Headers: Content-Type, api_key, Authorization
Server: Jetty(9.2.9.v20150224)

{
    "code": 1,
    "type": "error",
    "message": "User not found"
}
]]></system-out>
  </testcase>
  <testcase name="testDeleteUser" classname="api.test.UserTests" time="0.0">
    <skipped message="Method api.test.UserTests.testDeleteUser() on instance api.test.UserTests@f001896 depends on not successfully finished methods &#10;[api.test.UserTests.testUpdateUser() on instance api.test.UserTests@f001896]"/>
  </testcase>
  <testcase name="testPostUser" classname="api.test.UserTests2" time="2.512">
    <system-out><![CDATA[[2025-09-02 14:33:37] [INFO] UserTests2 - >>> Test user created with username: user9626
[2025-09-02 14:33:37] [INFO] UserTests2 - Sending request to create user: user9626
14:33:37.575 [main] DEBUG org.apache.http.impl.conn.BasicClientConnectionManager -- Get connection for route {s}->https://petstore.swagger.io:443
14:33:37.576 [main] DEBUG org.apache.http.impl.conn.DefaultClientConnectionOperator -- Connecting to petstore.swagger.io:443
14:33:39.615 [main] DEBUG org.apache.http.client.protocol.RequestAddCookies -- CookieSpec selected: ignoreCookies
14:33:39.615 [main] DEBUG org.apache.http.client.protocol.RequestAuthCache -- Auth cache not set in the context
14:33:39.615 [main] DEBUG org.apache.http.client.protocol.RequestTargetAuthentication -- Target auth state: UNCHALLENGED
14:33:39.616 [main] DEBUG org.apache.http.client.protocol.RequestProxyAuthentication -- Proxy auth state: UNCHALLENGED
14:33:39.616 [main] DEBUG org.apache.http.impl.client.DefaultHttpClient -- Attempt 1 to execute request
14:33:39.616 [main] DEBUG org.apache.http.impl.conn.DefaultClientConnection -- Sending request: POST /v2/user HTTP/1.1
14:33:39.616 [main] DEBUG org.apache.http.wire --  >> "POST /v2/user HTTP/1.1[\r][\n]"
14:33:39.616 [main] DEBUG org.apache.http.wire --  >> "Accept: application/json, application/javascript, text/javascript, text/json[\r][\n]"
14:33:39.616 [main] DEBUG org.apache.http.wire --  >> "Content-Type: application/json[\r][\n]"
14:33:39.617 [main] DEBUG org.apache.http.wire --  >> "Content-Length: 176[\r][\n]"
14:33:39.617 [main] DEBUG org.apache.http.wire --  >> "Host: petstore.swagger.io[\r][\n]"
14:33:39.617 [main] DEBUG org.apache.http.wire --  >> "Connection: Keep-Alive[\r][\n]"
14:33:39.617 [main] DEBUG org.apache.http.wire --  >> "User-Agent: Apache-HttpClient/4.5.13 (Java/17.0.16)[\r][\n]"
14:33:39.618 [main] DEBUG org.apache.http.wire --  >> "Accept-Encoding: gzip,deflate[\r][\n]"
14:33:39.618 [main] DEBUG org.apache.http.wire --  >> "[\r][\n]"
14:33:39.618 [main] DEBUG org.apache.http.headers -- >> POST /v2/user HTTP/1.1
14:33:39.618 [main] DEBUG org.apache.http.headers -- >> Accept: application/json, application/javascript, text/javascript, text/json
14:33:39.618 [main] DEBUG org.apache.http.headers -- >> Content-Type: application/json
14:33:39.619 [main] DEBUG org.apache.http.headers -- >> Content-Length: 176
14:33:39.619 [main] DEBUG org.apache.http.headers -- >> Host: petstore.swagger.io
14:33:39.619 [main] DEBUG org.apache.http.headers -- >> Connection: Keep-Alive
14:33:39.619 [main] DEBUG org.apache.http.headers -- >> User-Agent: Apache-HttpClient/4.5.13 (Java/17.0.16)
14:33:39.619 [main] DEBUG org.apache.http.headers -- >> Accept-Encoding: gzip,deflate
14:33:39.620 [main] DEBUG org.apache.http.wire --  >> "{"id":48281,"username":"user9626","firstName":"Hyo","lastName":"Schmeler","email":"renita.hayes@hotmail.com","password":"bcycqjlvzsadj","phone":"(628) 253-6526","userStatus":1}"
14:33:40.019 [main] DEBUG org.apache.http.wire --  << "HTTP/1.1 200 OK[\r][\n]"
14:33:40.019 [main] DEBUG org.apache.http.wire --  << "Date: Tue, 02 Sep 2025 09:03:39 GMT[\r][\n]"
14:33:40.020 [main] DEBUG org.apache.http.wire --  << "Content-Type: application/json[\r][\n]"
14:33:40.020 [main] DEBUG org.apache.http.wire --  << "Transfer-Encoding: chunked[\r][\n]"
14:33:40.020 [main] DEBUG org.apache.http.wire --  << "Connection: keep-alive[\r][\n]"
14:33:40.020 [main] DEBUG org.apache.http.wire --  << "Access-Control-Allow-Origin: *[\r][\n]"
14:33:40.020 [main] DEBUG org.apache.http.wire --  << "Access-Control-Allow-Methods: GET, POST, DELETE, PUT[\r][\n]"
14:33:40.021 [main] DEBUG org.apache.http.wire --  << "Access-Control-Allow-Headers: Content-Type, api_key, Authorization[\r][\n]"
14:33:40.021 [main] DEBUG org.apache.http.wire --  << "Server: Jetty(9.2.9.v20150224)[\r][\n]"
14:33:40.021 [main] DEBUG org.apache.http.wire --  << "[\r][\n]"
14:33:40.021 [main] DEBUG org.apache.http.impl.conn.DefaultClientConnection -- Receiving response: HTTP/1.1 200 OK
14:33:40.021 [main] DEBUG org.apache.http.headers -- << HTTP/1.1 200 OK
14:33:40.021 [main] DEBUG org.apache.http.headers -- << Date: Tue, 02 Sep 2025 09:03:39 GMT
14:33:40.021 [main] DEBUG org.apache.http.headers -- << Content-Type: application/json
14:33:40.022 [main] DEBUG org.apache.http.headers -- << Transfer-Encoding: chunked
14:33:40.022 [main] DEBUG org.apache.http.headers -- << Connection: keep-alive
14:33:40.022 [main] DEBUG org.apache.http.headers -- << Access-Control-Allow-Origin: *
14:33:40.022 [main] DEBUG org.apache.http.headers -- << Access-Control-Allow-Methods: GET, POST, DELETE, PUT
14:33:40.022 [main] DEBUG org.apache.http.headers -- << Access-Control-Allow-Headers: Content-Type, api_key, Authorization
14:33:40.022 [main] DEBUG org.apache.http.headers -- << Server: Jetty(9.2.9.v20150224)
14:33:40.023 [main] DEBUG org.apache.http.impl.client.DefaultHttpClient -- Connection can be kept alive indefinitely
14:33:40.023 [main] DEBUG io.restassured.internal.RestAssuredHttpBuilder -- Parsing response as: application/json
14:33:40.023 [main] DEBUG io.restassured.internal.RestAssuredHttpBuilder -- Parsed data to instance of: class org.apache.http.conn.EofSensorInputStream
14:33:40.025 [main] DEBUG org.apache.http.wire --  << "2f[\r][\n]"
14:33:40.025 [main] DEBUG org.apache.http.wire --  << "{"code":200,"type":"unknown","message":"48281"}"
14:33:40.025 [main] DEBUG org.apache.http.wire --  << "[\r][\n]"
14:33:40.025 [main] DEBUG org.apache.http.wire --  << "0[\r][\n]"
14:33:40.026 [main] DEBUG org.apache.http.wire --  << "[\r][\n]"
14:33:40.026 [main] DEBUG org.apache.http.impl.conn.BasicClientConnectionManager -- Releasing connection org.apache.http.impl.conn.ManagedClientConnectionImpl@3a70acd5
14:33:40.026 [main] DEBUG org.apache.http.impl.conn.BasicClientConnectionManager -- Connection can be kept alive indefinitely
HTTP/1.1 200 OK
Date: Tue, 02 Sep 2025 09:03:39 GMT
Content-Type: application/json
Transfer-Encoding: chunked
Connection: keep-alive
Access-Control-Allow-Origin: *
Access-Control-Allow-Methods: GET, POST, DELETE, PUT
Access-Control-Allow-Headers: Content-Type, api_key, Authorization
Server: Jetty(9.2.9.v20150224)

{
    "code": 200,
    "type": "unknown",
    "message": "48281"
}
[2025-09-02 14:33:40] [INFO] UserTests2 - User creation test passed.
]]></system-out>
  </testcase>
  <testcase name="testGetUserByName" classname="api.test.UserTests2" time="1.551">
    <failure message="User not found after creation! expected [200] but found [404]" type="java.lang.AssertionError"><![CDATA[java.lang.AssertionError: User not found after creation! expected [200] but found [404]
	at org.testng.Assert.fail(Assert.java:111)
	at org.testng.Assert.failNotEquals(Assert.java:1578)
	at org.testng.Assert.assertEqualsImpl(Assert.java:150)
	at org.testng.Assert.assertEquals(Assert.java:132)
	at org.testng.Assert.assertEquals(Assert.java:1419)
	at org.testng.Assert.assertEquals(Assert.java:1383)
	at api.test.UserTests2.testGetUserByName(UserTests2.java:53)
	at java.base/jdk.internal.reflect.NativeMethodAccessorImpl.invoke0(Native Method)
	at java.base/jdk.internal.reflect.NativeMethodAccessorImpl.invoke(NativeMethodAccessorImpl.java:77)
	at java.base/jdk.internal.reflect.DelegatingMethodAccessorImpl.invoke(DelegatingMethodAccessorImpl.java:43)
	at java.base/java.lang.reflect.Method.invoke(Method.java:569)
	at org.testng.internal.invokers.MethodInvocationHelper.invokeMethod(MethodInvocationHelper.java:139)
	at org.testng.internal.invokers.TestInvoker.invokeMethod(TestInvoker.java:664)
	at org.testng.internal.invokers.TestInvoker.invokeTestMethod(TestInvoker.java:228)
	at org.testng.internal.invokers.MethodRunner.runInSequence(MethodRunner.java:63)
	at org.testng.internal.invokers.TestInvoker$MethodInvocationAgent.invoke(TestInvoker.java:961)
	at org.testng.internal.invokers.TestInvoker.invokeTestMethods(TestInvoker.java:201)
	at org.testng.internal.invokers.TestMethodWorker.invokeTestMethods(TestMethodWorker.java:148)
	at org.testng.internal.invokers.TestMethodWorker.run(TestMethodWorker.java:128)
	at java.base/java.util.ArrayList.forEach(ArrayList.java:1511)
	at org.testng.TestRunner.privateRun(TestRunner.java:819)
	at org.testng.TestRunner.run(TestRunner.java:619)
	at org.testng.SuiteRunner.runTest(SuiteRunner.java:443)
	at org.testng.SuiteRunner.runSequentially(SuiteRunner.java:437)
	at org.testng.SuiteRunner.privateRun(SuiteRunner.java:397)
	at org.testng.SuiteRunner.run(SuiteRunner.java:336)
	at org.testng.SuiteRunnerWorker.runSuite(SuiteRunnerWorker.java:52)
	at org.testng.SuiteRunnerWorker.run(SuiteRunnerWorker.java:95)
	at org.testng.TestNG.runSuitesSequentially(TestNG.java:1301)
	at org.testng.TestNG.runSuitesLocally(TestNG.java:1228)
	at org.testng.TestNG.runSuites(TestNG.java:1134)
	at org.testng.TestNG.run(TestNG.java:1101)
	at org.apache.maven.surefire.testng.TestNGExecutor.run(TestNGExecutor.java:308)
	at org.apache.maven.surefire.testng.TestNGXmlTestSuite.execute(TestNGXmlTestSuite.java:71)
	at org.apache.maven.surefire.testng.TestNGProvider.invoke(TestNGProvider.java:113)
	at org.apache.maven.surefire.booter.ForkedBooter.runSuitesInProcess(ForkedBooter.java:385)
	at org.apache.maven.surefire.booter.ForkedBooter.execute(ForkedBooter.java:162)
	at org.apache.maven.surefire.booter.ForkedBooter.run(ForkedBooter.java:507)
	at org.apache.maven.surefire.booter.ForkedBooter.main(ForkedBooter.java:495)
]]></failure>
    <system-out><![CDATA[[2025-09-02 14:33:40] [INFO] UserTests2 - Fetching user by username: user9626
14:33:40.060 [main] DEBUG org.apache.http.impl.conn.BasicClientConnectionManager -- Get connection for route {s}->https://petstore.swagger.io:443
14:33:40.061 [main] DEBUG org.apache.http.impl.conn.DefaultClientConnectionOperator -- Connecting to petstore.swagger.io:443
14:33:41.253 [main] DEBUG org.apache.http.client.protocol.RequestAddCookies -- CookieSpec selected: ignoreCookies
14:33:41.253 [main] DEBUG org.apache.http.client.protocol.RequestAuthCache -- Auth cache not set in the context
14:33:41.253 [main] DEBUG org.apache.http.client.protocol.RequestTargetAuthentication -- Target auth state: UNCHALLENGED
14:33:41.253 [main] DEBUG org.apache.http.client.protocol.RequestProxyAuthentication -- Proxy auth state: UNCHALLENGED
14:33:41.253 [main] DEBUG org.apache.http.impl.client.DefaultHttpClient -- Attempt 1 to execute request
14:33:41.253 [main] DEBUG org.apache.http.impl.conn.DefaultClientConnection -- Sending request: GET /v2/user/user9626 HTTP/1.1
14:33:41.253 [main] DEBUG org.apache.http.wire --  >> "GET /v2/user/user9626 HTTP/1.1[\r][\n]"
14:33:41.254 [main] DEBUG org.apache.http.wire --  >> "Accept: */*[\r][\n]"
14:33:41.254 [main] DEBUG org.apache.http.wire --  >> "Host: petstore.swagger.io[\r][\n]"
14:33:41.254 [main] DEBUG org.apache.http.wire --  >> "Connection: Keep-Alive[\r][\n]"
14:33:41.254 [main] DEBUG org.apache.http.wire --  >> "User-Agent: Apache-HttpClient/4.5.13 (Java/17.0.16)[\r][\n]"
14:33:41.254 [main] DEBUG org.apache.http.wire --  >> "Accept-Encoding: gzip,deflate[\r][\n]"
14:33:41.254 [main] DEBUG org.apache.http.wire --  >> "[\r][\n]"
14:33:41.254 [main] DEBUG org.apache.http.headers -- >> GET /v2/user/user9626 HTTP/1.1
14:33:41.254 [main] DEBUG org.apache.http.headers -- >> Accept: */*
14:33:41.255 [main] DEBUG org.apache.http.headers -- >> Host: petstore.swagger.io
14:33:41.255 [main] DEBUG org.apache.http.headers -- >> Connection: Keep-Alive
14:33:41.255 [main] DEBUG org.apache.http.headers -- >> User-Agent: Apache-HttpClient/4.5.13 (Java/17.0.16)
14:33:41.255 [main] DEBUG org.apache.http.headers -- >> Accept-Encoding: gzip,deflate
14:33:41.562 [main] DEBUG org.apache.http.wire --  << "HTTP/1.1 404 Not Found[\r][\n]"
14:33:41.562 [main] DEBUG org.apache.http.wire --  << "Date: Tue, 02 Sep 2025 09:03:40 GMT[\r][\n]"
14:33:41.563 [main] DEBUG org.apache.http.wire --  << "Content-Type: application/json[\r][\n]"
14:33:41.563 [main] DEBUG org.apache.http.wire --  << "Transfer-Encoding: chunked[\r][\n]"
14:33:41.563 [main] DEBUG org.apache.http.wire --  << "Connection: keep-alive[\r][\n]"
14:33:41.563 [main] DEBUG org.apache.http.wire --  << "Access-Control-Allow-Origin: *[\r][\n]"
14:33:41.563 [main] DEBUG org.apache.http.wire --  << "Access-Control-Allow-Methods: GET, POST, DELETE, PUT[\r][\n]"
14:33:41.563 [main] DEBUG org.apache.http.wire --  << "Access-Control-Allow-Headers: Content-Type, api_key, Authorization[\r][\n]"
14:33:41.563 [main] DEBUG org.apache.http.wire --  << "Server: Jetty(9.2.9.v20150224)[\r][\n]"
14:33:41.563 [main] DEBUG org.apache.http.wire --  << "[\r][\n]"
14:33:41.563 [main] DEBUG org.apache.http.impl.conn.DefaultClientConnection -- Receiving response: HTTP/1.1 404 Not Found
14:33:41.565 [main] DEBUG org.apache.http.headers -- << HTTP/1.1 404 Not Found
14:33:41.565 [main] DEBUG org.apache.http.headers -- << Date: Tue, 02 Sep 2025 09:03:40 GMT
14:33:41.565 [main] DEBUG org.apache.http.headers -- << Content-Type: application/json
14:33:41.565 [main] DEBUG org.apache.http.headers -- << Transfer-Encoding: chunked
14:33:41.565 [main] DEBUG org.apache.http.headers -- << Connection: keep-alive
14:33:41.565 [main] DEBUG org.apache.http.headers -- << Access-Control-Allow-Origin: *
14:33:41.566 [main] DEBUG org.apache.http.headers -- << Access-Control-Allow-Methods: GET, POST, DELETE, PUT
14:33:41.566 [main] DEBUG org.apache.http.headers -- << Access-Control-Allow-Headers: Content-Type, api_key, Authorization
14:33:41.566 [main] DEBUG org.apache.http.headers -- << Server: Jetty(9.2.9.v20150224)
14:33:41.566 [main] DEBUG org.apache.http.impl.client.DefaultHttpClient -- Connection can be kept alive indefinitely
14:33:41.569 [main] DEBUG io.restassured.internal.RestAssuredHttpBuilder -- Parsing response as: application/json
14:33:41.569 [main] DEBUG io.restassured.internal.RestAssuredHttpBuilder -- Parsed data to instance of: class org.apache.http.conn.EofSensorInputStream
14:33:41.571 [main] DEBUG org.apache.http.wire --  << "34[\r][\n]"
14:33:41.571 [main] DEBUG org.apache.http.wire --  << "{"code":1,"type":"error","message":"User not found"}"
14:33:41.571 [main] DEBUG org.apache.http.wire --  << "[\r][\n]"
14:33:41.571 [main] DEBUG org.apache.http.wire --  << "0[\r][\n]"
14:33:41.571 [main] DEBUG org.apache.http.wire --  << "[\r][\n]"
14:33:41.572 [main] DEBUG org.apache.http.impl.conn.BasicClientConnectionManager -- Releasing connection org.apache.http.impl.conn.ManagedClientConnectionImpl@63bb719d
14:33:41.572 [main] DEBUG org.apache.http.impl.conn.BasicClientConnectionManager -- Connection can be kept alive indefinitely
HTTP/1.1 404 Not Found
Date: Tue, 02 Sep 2025 09:03:40 GMT
Content-Type: application/json
Transfer-Encoding: chunked
Connection: keep-alive
Access-Control-Allow-Origin: *
Access-Control-Allow-Methods: GET, POST, DELETE, PUT
Access-Control-Allow-Headers: Content-Type, api_key, Authorization
Server: Jetty(9.2.9.v20150224)

{
    "code": 1,
    "type": "error",
    "message": "User not found"
}
]]></system-out>
  </testcase>
  <testcase name="testUpdateUser" classname="api.test.UserTests2" time="0.0">
    <skipped message="Method api.test.UserTests2.testUpdateUser() on instance api.test.UserTests2@2a7686a7 depends on not successfully finished methods &#10;[api.test.UserTests2.testGetUserByName() on instance api.test.UserTests2@2a7686a7]"/>
  </testcase>
  <testcase name="testDeleteUser" classname="api.test.UserTests2" time="0.0">
    <skipped message="Method api.test.UserTests2.testDeleteUser() on instance api.test.UserTests2@2a7686a7 depends on not successfully finished methods &#10;[api.test.UserTests2.testUpdateUser() on instance api.test.UserTests2@2a7686a7]"/>
  </testcase>
  <testcase name="testPostUser[10001, raghavdesai10001, Raghav, Desai, raghav.desai10001@example.com, Ra@10001!De, +919102628290, 1](1)" classname="api.test.DDTests" time="1.215">
    <system-out><![CDATA[14:33:42.694 [Finalizer] DEBUG org.apache.http.impl.conn.DefaultClientConnection -- Connection 0.0.0.0:63388<->34.195.39.161:443 closed
14:33:42.697 [Finalizer] DEBUG org.apache.http.impl.conn.DefaultClientConnection -- Connection 0.0.0.0:63387<->34.195.39.161:443 closed
14:33:42.699 [Finalizer] DEBUG org.apache.http.impl.conn.DefaultClientConnection -- Connection 0.0.0.0:63391<->34.195.39.161:443 closed
14:33:42.701 [Finalizer] DEBUG org.apache.http.impl.conn.DefaultClientConnection -- Connection 0.0.0.0:63390<->34.195.39.161:443 closed
14:33:42.704 [Finalizer] DEBUG org.apache.http.impl.conn.DefaultClientConnection -- Connection 0.0.0.0:63389<->34.195.39.161:443 closed
14:33:43.779 [main] DEBUG org.apache.http.impl.conn.BasicClientConnectionManager -- Get connection for route {s}->https://petstore.swagger.io:443
14:33:43.779 [main] DEBUG org.apache.http.impl.conn.DefaultClientConnectionOperator -- Connecting to petstore.swagger.io:443
14:33:44.628 [main] DEBUG org.apache.http.client.protocol.RequestAddCookies -- CookieSpec selected: ignoreCookies
14:33:44.629 [main] DEBUG org.apache.http.client.protocol.RequestAuthCache -- Auth cache not set in the context
14:33:44.629 [main] DEBUG org.apache.http.client.protocol.RequestTargetAuthentication -- Target auth state: UNCHALLENGED
14:33:44.629 [main] DEBUG org.apache.http.client.protocol.RequestProxyAuthentication -- Proxy auth state: UNCHALLENGED
14:33:44.630 [main] DEBUG org.apache.http.impl.client.DefaultHttpClient -- Attempt 1 to execute request
14:33:44.630 [main] DEBUG org.apache.http.impl.conn.DefaultClientConnection -- Sending request: POST /v2/user HTTP/1.1
14:33:44.630 [main] DEBUG org.apache.http.wire --  >> "POST /v2/user HTTP/1.1[\r][\n]"
14:33:44.631 [main] DEBUG org.apache.http.wire --  >> "Accept: application/json, application/javascript, text/javascript, text/json[\r][\n]"
14:33:44.631 [main] DEBUG org.apache.http.wire --  >> "Content-Type: application/json[\r][\n]"
14:33:44.631 [main] DEBUG org.apache.http.wire --  >> "Content-Length: 186[\r][\n]"
14:33:44.631 [main] DEBUG org.apache.http.wire --  >> "Host: petstore.swagger.io[\r][\n]"
14:33:44.631 [main] DEBUG org.apache.http.wire --  >> "Connection: Keep-Alive[\r][\n]"
14:33:44.631 [main] DEBUG org.apache.http.wire --  >> "User-Agent: Apache-HttpClient/4.5.13 (Java/17.0.16)[\r][\n]"
14:33:44.631 [main] DEBUG org.apache.http.wire --  >> "Accept-Encoding: gzip,deflate[\r][\n]"
14:33:44.631 [main] DEBUG org.apache.http.wire --  >> "[\r][\n]"
14:33:44.631 [main] DEBUG org.apache.http.headers -- >> POST /v2/user HTTP/1.1
14:33:44.631 [main] DEBUG org.apache.http.headers -- >> Accept: application/json, application/javascript, text/javascript, text/json
14:33:44.631 [main] DEBUG org.apache.http.headers -- >> Content-Type: application/json
14:33:44.631 [main] DEBUG org.apache.http.headers -- >> Content-Length: 186
14:33:44.632 [main] DEBUG org.apache.http.headers -- >> Host: petstore.swagger.io
14:33:44.632 [main] DEBUG org.apache.http.headers -- >> Connection: Keep-Alive
14:33:44.632 [main] DEBUG org.apache.http.headers -- >> User-Agent: Apache-HttpClient/4.5.13 (Java/17.0.16)
14:33:44.632 [main] DEBUG org.apache.http.headers -- >> Accept-Encoding: gzip,deflate
14:33:44.632 [main] DEBUG org.apache.http.wire --  >> "{"id":10001,"username":"raghavdesai10001","firstName":"Raghav","lastName":"Desai","email":"raghav.desai10001@example.com","password":"Ra@10001!De","phone":"+919102628290","userStatus":1}"
14:33:44.949 [main] DEBUG org.apache.http.wire --  << "HTTP/1.1 200 OK[\r][\n]"
14:33:44.949 [main] DEBUG org.apache.http.wire --  << "Date: Tue, 02 Sep 2025 09:03:44 GMT[\r][\n]"
14:33:44.949 [main] DEBUG org.apache.http.wire --  << "Content-Type: application/json[\r][\n]"
14:33:44.949 [main] DEBUG org.apache.http.wire --  << "Transfer-Encoding: chunked[\r][\n]"
14:33:44.949 [main] DEBUG org.apache.http.wire --  << "Connection: keep-alive[\r][\n]"
14:33:44.950 [main] DEBUG org.apache.http.wire --  << "Access-Control-Allow-Origin: *[\r][\n]"
14:33:44.950 [main] DEBUG org.apache.http.wire --  << "Access-Control-Allow-Methods: GET, POST, DELETE, PUT[\r][\n]"
14:33:44.950 [main] DEBUG org.apache.http.wire --  << "Access-Control-Allow-Headers: Content-Type, api_key, Authorization[\r][\n]"
14:33:44.950 [main] DEBUG org.apache.http.wire --  << "Server: Jetty(9.2.9.v20150224)[\r][\n]"
14:33:44.950 [main] DEBUG org.apache.http.wire --  << "[\r][\n]"
14:33:44.950 [main] DEBUG org.apache.http.impl.conn.DefaultClientConnection -- Receiving response: HTTP/1.1 200 OK
14:33:44.950 [main] DEBUG org.apache.http.headers -- << HTTP/1.1 200 OK
14:33:44.951 [main] DEBUG org.apache.http.headers -- << Date: Tue, 02 Sep 2025 09:03:44 GMT
14:33:44.951 [main] DEBUG org.apache.http.headers -- << Content-Type: application/json
14:33:44.951 [main] DEBUG org.apache.http.headers -- << Transfer-Encoding: chunked
14:33:44.951 [main] DEBUG org.apache.http.headers -- << Connection: keep-alive
14:33:44.951 [main] DEBUG org.apache.http.headers -- << Access-Control-Allow-Origin: *
14:33:44.951 [main] DEBUG org.apache.http.headers -- << Access-Control-Allow-Methods: GET, POST, DELETE, PUT
14:33:44.951 [main] DEBUG org.apache.http.headers -- << Access-Control-Allow-Headers: Content-Type, api_key, Authorization
14:33:44.951 [main] DEBUG org.apache.http.headers -- << Server: Jetty(9.2.9.v20150224)
14:33:44.951 [main] DEBUG org.apache.http.impl.client.DefaultHttpClient -- Connection can be kept alive indefinitely
14:33:44.952 [main] DEBUG io.restassured.internal.RestAssuredHttpBuilder -- Parsing response as: application/json
14:33:44.952 [main] DEBUG io.restassured.internal.RestAssuredHttpBuilder -- Parsed data to instance of: class org.apache.http.conn.EofSensorInputStream
]]></system-out>
  </testcase>
  <testcase name="testPostUser[10002, arjunmalhotra10002, Arjun, Malhotra, arjun.malhotra10002@example.com, Ar@10002!Ma, +918067355516, 1](2)" classname="api.test.DDTests" time="1.42">
    <system-out><![CDATA[14:33:45.000 [main] DEBUG org.apache.http.impl.conn.BasicClientConnectionManager -- Get connection for route {s}->https://petstore.swagger.io:443
14:33:45.001 [main] DEBUG org.apache.http.impl.conn.DefaultClientConnectionOperator -- Connecting to petstore.swagger.io:443
14:33:45.965 [main] DEBUG org.apache.http.client.protocol.RequestAddCookies -- CookieSpec selected: ignoreCookies
14:33:45.966 [main] DEBUG org.apache.http.client.protocol.RequestAuthCache -- Auth cache not set in the context
14:33:45.966 [main] DEBUG org.apache.http.client.protocol.RequestTargetAuthentication -- Target auth state: UNCHALLENGED
14:33:45.966 [main] DEBUG org.apache.http.client.protocol.RequestProxyAuthentication -- Proxy auth state: UNCHALLENGED
14:33:45.966 [main] DEBUG org.apache.http.impl.client.DefaultHttpClient -- Attempt 1 to execute request
14:33:45.966 [main] DEBUG org.apache.http.impl.conn.DefaultClientConnection -- Sending request: POST /v2/user HTTP/1.1
14:33:45.967 [main] DEBUG org.apache.http.wire --  >> "POST /v2/user HTTP/1.1[\r][\n]"
14:33:45.967 [main] DEBUG org.apache.http.wire --  >> "Accept: application/json, application/javascript, text/javascript, text/json[\r][\n]"
14:33:45.967 [main] DEBUG org.apache.http.wire --  >> "Content-Type: application/json[\r][\n]"
14:33:45.967 [main] DEBUG org.apache.http.wire --  >> "Content-Length: 192[\r][\n]"
14:33:45.967 [main] DEBUG org.apache.http.wire --  >> "Host: petstore.swagger.io[\r][\n]"
14:33:45.967 [main] DEBUG org.apache.http.wire --  >> "Connection: Keep-Alive[\r][\n]"
14:33:45.967 [main] DEBUG org.apache.http.wire --  >> "User-Agent: Apache-HttpClient/4.5.13 (Java/17.0.16)[\r][\n]"
14:33:45.967 [main] DEBUG org.apache.http.wire --  >> "Accept-Encoding: gzip,deflate[\r][\n]"
14:33:45.967 [main] DEBUG org.apache.http.wire --  >> "[\r][\n]"
14:33:45.968 [main] DEBUG org.apache.http.headers -- >> POST /v2/user HTTP/1.1
14:33:45.968 [main] DEBUG org.apache.http.headers -- >> Accept: application/json, application/javascript, text/javascript, text/json
14:33:45.968 [main] DEBUG org.apache.http.headers -- >> Content-Type: application/json
14:33:45.968 [main] DEBUG org.apache.http.headers -- >> Content-Length: 192
14:33:45.968 [main] DEBUG org.apache.http.headers -- >> Host: petstore.swagger.io
14:33:45.968 [main] DEBUG org.apache.http.headers -- >> Connection: Keep-Alive
14:33:45.968 [main] DEBUG org.apache.http.headers -- >> User-Agent: Apache-HttpClient/4.5.13 (Java/17.0.16)
14:33:45.968 [main] DEBUG org.apache.http.headers -- >> Accept-Encoding: gzip,deflate
14:33:45.968 [main] DEBUG org.apache.http.wire --  >> "{"id":10002,"username":"arjunmalhotra10002","firstName":"Arjun","lastName":"Malhotra","email":"arjun.malhotra10002@example.com","password":"Ar@10002!Ma","phone":"+918067355516","userStatus":1}"
14:33:46.371 [main] DEBUG org.apache.http.wire --  << "HTTP/1.1 200 OK[\r][\n]"
14:33:46.372 [main] DEBUG org.apache.http.wire --  << "Date: Tue, 02 Sep 2025 09:03:45 GMT[\r][\n]"
14:33:46.372 [main] DEBUG org.apache.http.wire --  << "Content-Type: application/json[\r][\n]"
14:33:46.372 [main] DEBUG org.apache.http.wire --  << "Transfer-Encoding: chunked[\r][\n]"
14:33:46.372 [main] DEBUG org.apache.http.wire --  << "Connection: keep-alive[\r][\n]"
14:33:46.372 [main] DEBUG org.apache.http.wire --  << "Access-Control-Allow-Origin: *[\r][\n]"
14:33:46.372 [main] DEBUG org.apache.http.wire --  << "Access-Control-Allow-Methods: GET, POST, DELETE, PUT[\r][\n]"
14:33:46.372 [main] DEBUG org.apache.http.wire --  << "Access-Control-Allow-Headers: Content-Type, api_key, Authorization[\r][\n]"
14:33:46.372 [main] DEBUG org.apache.http.wire --  << "Server: Jetty(9.2.9.v20150224)[\r][\n]"
14:33:46.372 [main] DEBUG org.apache.http.wire --  << "[\r][\n]"
14:33:46.372 [main] DEBUG org.apache.http.impl.conn.DefaultClientConnection -- Receiving response: HTTP/1.1 200 OK
14:33:46.372 [main] DEBUG org.apache.http.headers -- << HTTP/1.1 200 OK
14:33:46.373 [main] DEBUG org.apache.http.headers -- << Date: Tue, 02 Sep 2025 09:03:45 GMT
14:33:46.373 [main] DEBUG org.apache.http.headers -- << Content-Type: application/json
14:33:46.373 [main] DEBUG org.apache.http.headers -- << Transfer-Encoding: chunked
14:33:46.373 [main] DEBUG org.apache.http.headers -- << Connection: keep-alive
14:33:46.373 [main] DEBUG org.apache.http.headers -- << Access-Control-Allow-Origin: *
14:33:46.373 [main] DEBUG org.apache.http.headers -- << Access-Control-Allow-Methods: GET, POST, DELETE, PUT
14:33:46.373 [main] DEBUG org.apache.http.headers -- << Access-Control-Allow-Headers: Content-Type, api_key, Authorization
14:33:46.373 [main] DEBUG org.apache.http.headers -- << Server: Jetty(9.2.9.v20150224)
14:33:46.373 [main] DEBUG org.apache.http.impl.client.DefaultHttpClient -- Connection can be kept alive indefinitely
14:33:46.374 [main] DEBUG io.restassured.internal.RestAssuredHttpBuilder -- Parsing response as: application/json
14:33:46.374 [main] DEBUG io.restassured.internal.RestAssuredHttpBuilder -- Parsed data to instance of: class org.apache.http.conn.EofSensorInputStream
]]></system-out>
  </testcase>
  <testcase name="testPostUser[10003, riyachopra10003, Riya, Chopra, riya.chopra10003@example.com, Ri@10003!Ch, +919366134497, 1](3)" classname="api.test.DDTests" time="1.534">
    <system-out><![CDATA[14:33:46.412 [Finalizer] DEBUG org.apache.http.impl.conn.DefaultClientConnection -- Connection 0.0.0.0:63393<->34.195.39.161:443 closed
14:33:46.413 [Finalizer] DEBUG org.apache.http.impl.conn.DefaultClientConnection -- Connection 0.0.0.0:63392<->34.195.39.161:443 closed
14:33:46.429 [main] DEBUG org.apache.http.impl.conn.BasicClientConnectionManager -- Get connection for route {s}->https://petstore.swagger.io:443
14:33:46.430 [main] DEBUG org.apache.http.impl.conn.DefaultClientConnectionOperator -- Connecting to petstore.swagger.io:443
14:33:47.495 [main] DEBUG org.apache.http.client.protocol.RequestAddCookies -- CookieSpec selected: ignoreCookies
14:33:47.495 [main] DEBUG org.apache.http.client.protocol.RequestAuthCache -- Auth cache not set in the context
14:33:47.496 [main] DEBUG org.apache.http.client.protocol.RequestTargetAuthentication -- Target auth state: UNCHALLENGED
14:33:47.498 [main] DEBUG org.apache.http.client.protocol.RequestProxyAuthentication -- Proxy auth state: UNCHALLENGED
14:33:47.498 [main] DEBUG org.apache.http.impl.client.DefaultHttpClient -- Attempt 1 to execute request
14:33:47.498 [main] DEBUG org.apache.http.impl.conn.DefaultClientConnection -- Sending request: POST /v2/user HTTP/1.1
14:33:47.498 [main] DEBUG org.apache.http.wire --  >> "POST /v2/user HTTP/1.1[\r][\n]"
14:33:47.498 [main] DEBUG org.apache.http.wire --  >> "Accept: application/json, application/javascript, text/javascript, text/json[\r][\n]"
14:33:47.498 [main] DEBUG org.apache.http.wire --  >> "Content-Type: application/json[\r][\n]"
14:33:47.498 [main] DEBUG org.apache.http.wire --  >> "Content-Length: 183[\r][\n]"
14:33:47.499 [main] DEBUG org.apache.http.wire --  >> "Host: petstore.swagger.io[\r][\n]"
14:33:47.499 [main] DEBUG org.apache.http.wire --  >> "Connection: Keep-Alive[\r][\n]"
14:33:47.500 [main] DEBUG org.apache.http.wire --  >> "User-Agent: Apache-HttpClient/4.5.13 (Java/17.0.16)[\r][\n]"
14:33:47.501 [main] DEBUG org.apache.http.wire --  >> "Accept-Encoding: gzip,deflate[\r][\n]"
14:33:47.501 [main] DEBUG org.apache.http.wire --  >> "[\r][\n]"
14:33:47.501 [main] DEBUG org.apache.http.headers -- >> POST /v2/user HTTP/1.1
14:33:47.501 [main] DEBUG org.apache.http.headers -- >> Accept: application/json, application/javascript, text/javascript, text/json
14:33:47.501 [main] DEBUG org.apache.http.headers -- >> Content-Type: application/json
14:33:47.501 [main] DEBUG org.apache.http.headers -- >> Content-Length: 183
14:33:47.501 [main] DEBUG org.apache.http.headers -- >> Host: petstore.swagger.io
14:33:47.501 [main] DEBUG org.apache.http.headers -- >> Connection: Keep-Alive
14:33:47.501 [main] DEBUG org.apache.http.headers -- >> User-Agent: Apache-HttpClient/4.5.13 (Java/17.0.16)
14:33:47.501 [main] DEBUG org.apache.http.headers -- >> Accept-Encoding: gzip,deflate
14:33:47.501 [main] DEBUG org.apache.http.wire --  >> "{"id":10003,"username":"riyachopra10003","firstName":"Riya","lastName":"Chopra","email":"riya.chopra10003@example.com","password":"Ri@10003!Ch","phone":"+919366134497","userStatus":1}"
14:33:47.908 [main] DEBUG org.apache.http.wire --  << "HTTP/1.1 200 OK[\r][\n]"
14:33:47.909 [main] DEBUG org.apache.http.wire --  << "Date: Tue, 02 Sep 2025 09:03:47 GMT[\r][\n]"
14:33:47.909 [main] DEBUG org.apache.http.wire --  << "Content-Type: application/json[\r][\n]"
14:33:47.909 [main] DEBUG org.apache.http.wire --  << "Transfer-Encoding: chunked[\r][\n]"
14:33:47.909 [main] DEBUG org.apache.http.wire --  << "Connection: keep-alive[\r][\n]"
14:33:47.909 [main] DEBUG org.apache.http.wire --  << "Access-Control-Allow-Origin: *[\r][\n]"
14:33:47.910 [main] DEBUG org.apache.http.wire --  << "Access-Control-Allow-Methods: GET, POST, DELETE, PUT[\r][\n]"
14:33:47.910 [main] DEBUG org.apache.http.wire --  << "Access-Control-Allow-Headers: Content-Type, api_key, Authorization[\r][\n]"
14:33:47.910 [main] DEBUG org.apache.http.wire --  << "Server: Jetty(9.2.9.v20150224)[\r][\n]"
14:33:47.910 [main] DEBUG org.apache.http.wire --  << "[\r][\n]"
14:33:47.910 [main] DEBUG org.apache.http.impl.conn.DefaultClientConnection -- Receiving response: HTTP/1.1 200 OK
14:33:47.910 [main] DEBUG org.apache.http.headers -- << HTTP/1.1 200 OK
14:33:47.910 [main] DEBUG org.apache.http.headers -- << Date: Tue, 02 Sep 2025 09:03:47 GMT
14:33:47.910 [main] DEBUG org.apache.http.headers -- << Content-Type: application/json
14:33:47.910 [main] DEBUG org.apache.http.headers -- << Transfer-Encoding: chunked
14:33:47.910 [main] DEBUG org.apache.http.headers -- << Connection: keep-alive
14:33:47.910 [main] DEBUG org.apache.http.headers -- << Access-Control-Allow-Origin: *
14:33:47.911 [main] DEBUG org.apache.http.headers -- << Access-Control-Allow-Methods: GET, POST, DELETE, PUT
14:33:47.911 [main] DEBUG org.apache.http.headers -- << Access-Control-Allow-Headers: Content-Type, api_key, Authorization
14:33:47.911 [main] DEBUG org.apache.http.headers -- << Server: Jetty(9.2.9.v20150224)
14:33:47.911 [main] DEBUG org.apache.http.impl.client.DefaultHttpClient -- Connection can be kept alive indefinitely
14:33:47.912 [main] DEBUG io.restassured.internal.RestAssuredHttpBuilder -- Parsing response as: application/json
14:33:47.912 [main] DEBUG io.restassured.internal.RestAssuredHttpBuilder -- Parsed data to instance of: class org.apache.http.conn.EofSensorInputStream
]]></system-out>
  </testcase>
  <testcase name="testPostUser[10004, kabirchopra10004, Kabir, Chopra, kabir.chopra10004@example.com, Ka@10004!Ch, +919300800099, 1](4)" classname="api.test.DDTests" time="1.226">
    <system-out><![CDATA[14:33:47.947 [main] DEBUG org.apache.http.impl.conn.BasicClientConnectionManager -- Get connection for route {s}->https://petstore.swagger.io:443
14:33:47.948 [main] DEBUG org.apache.http.impl.conn.DefaultClientConnectionOperator -- Connecting to petstore.swagger.io:443
14:33:48.829 [main] DEBUG org.apache.http.client.protocol.RequestAddCookies -- CookieSpec selected: ignoreCookies
14:33:48.830 [main] DEBUG org.apache.http.client.protocol.RequestAuthCache -- Auth cache not set in the context
14:33:48.830 [main] DEBUG org.apache.http.client.protocol.RequestTargetAuthentication -- Target auth state: UNCHALLENGED
14:33:48.830 [main] DEBUG org.apache.http.client.protocol.RequestProxyAuthentication -- Proxy auth state: UNCHALLENGED
14:33:48.830 [main] DEBUG org.apache.http.impl.client.DefaultHttpClient -- Attempt 1 to execute request
14:33:48.831 [main] DEBUG org.apache.http.impl.conn.DefaultClientConnection -- Sending request: POST /v2/user HTTP/1.1
14:33:48.831 [main] DEBUG org.apache.http.wire --  >> "POST /v2/user HTTP/1.1[\r][\n]"
14:33:48.831 [main] DEBUG org.apache.http.wire --  >> "Accept: application/json, application/javascript, text/javascript, text/json[\r][\n]"
14:33:48.831 [main] DEBUG org.apache.http.wire --  >> "Content-Type: application/json[\r][\n]"
14:33:48.831 [main] DEBUG org.apache.http.wire --  >> "Content-Length: 186[\r][\n]"
14:33:48.831 [main] DEBUG org.apache.http.wire --  >> "Host: petstore.swagger.io[\r][\n]"
14:33:48.831 [main] DEBUG org.apache.http.wire --  >> "Connection: Keep-Alive[\r][\n]"
14:33:48.831 [main] DEBUG org.apache.http.wire --  >> "User-Agent: Apache-HttpClient/4.5.13 (Java/17.0.16)[\r][\n]"
14:33:48.831 [main] DEBUG org.apache.http.wire --  >> "Accept-Encoding: gzip,deflate[\r][\n]"
14:33:48.831 [main] DEBUG org.apache.http.wire --  >> "[\r][\n]"
14:33:48.832 [main] DEBUG org.apache.http.headers -- >> POST /v2/user HTTP/1.1
14:33:48.832 [main] DEBUG org.apache.http.headers -- >> Accept: application/json, application/javascript, text/javascript, text/json
14:33:48.832 [main] DEBUG org.apache.http.headers -- >> Content-Type: application/json
14:33:48.832 [main] DEBUG org.apache.http.headers -- >> Content-Length: 186
14:33:48.832 [main] DEBUG org.apache.http.headers -- >> Host: petstore.swagger.io
14:33:48.832 [main] DEBUG org.apache.http.headers -- >> Connection: Keep-Alive
14:33:48.832 [main] DEBUG org.apache.http.headers -- >> User-Agent: Apache-HttpClient/4.5.13 (Java/17.0.16)
14:33:48.832 [main] DEBUG org.apache.http.headers -- >> Accept-Encoding: gzip,deflate
14:33:48.832 [main] DEBUG org.apache.http.wire --  >> "{"id":10004,"username":"kabirchopra10004","firstName":"Kabir","lastName":"Chopra","email":"kabir.chopra10004@example.com","password":"Ka@10004!Ch","phone":"+919300800099","userStatus":1}"
14:33:49.136 [main] DEBUG org.apache.http.wire --  << "HTTP/1.1 200 OK[\r][\n]"
14:33:49.137 [main] DEBUG org.apache.http.wire --  << "Date: Tue, 02 Sep 2025 09:03:48 GMT[\r][\n]"
14:33:49.137 [main] DEBUG org.apache.http.wire --  << "Content-Type: application/json[\r][\n]"
14:33:49.137 [main] DEBUG org.apache.http.wire --  << "Transfer-Encoding: chunked[\r][\n]"
14:33:49.137 [main] DEBUG org.apache.http.wire --  << "Connection: keep-alive[\r][\n]"
14:33:49.137 [main] DEBUG org.apache.http.wire --  << "Access-Control-Allow-Origin: *[\r][\n]"
14:33:49.137 [main] DEBUG org.apache.http.wire --  << "Access-Control-Allow-Methods: GET, POST, DELETE, PUT[\r][\n]"
14:33:49.137 [main] DEBUG org.apache.http.wire --  << "Access-Control-Allow-Headers: Content-Type, api_key, Authorization[\r][\n]"
14:33:49.138 [main] DEBUG org.apache.http.wire --  << "Server: Jetty(9.2.9.v20150224)[\r][\n]"
14:33:49.138 [main] DEBUG org.apache.http.wire --  << "[\r][\n]"
14:33:49.140 [main] DEBUG org.apache.http.impl.conn.DefaultClientConnection -- Receiving response: HTTP/1.1 200 OK
14:33:49.140 [main] DEBUG org.apache.http.headers -- << HTTP/1.1 200 OK
14:33:49.140 [main] DEBUG org.apache.http.headers -- << Date: Tue, 02 Sep 2025 09:03:48 GMT
14:33:49.140 [main] DEBUG org.apache.http.headers -- << Content-Type: application/json
14:33:49.140 [main] DEBUG org.apache.http.headers -- << Transfer-Encoding: chunked
14:33:49.140 [main] DEBUG org.apache.http.headers -- << Connection: keep-alive
14:33:49.140 [main] DEBUG org.apache.http.headers -- << Access-Control-Allow-Origin: *
14:33:49.140 [main] DEBUG org.apache.http.headers -- << Access-Control-Allow-Methods: GET, POST, DELETE, PUT
14:33:49.140 [main] DEBUG org.apache.http.headers -- << Access-Control-Allow-Headers: Content-Type, api_key, Authorization
14:33:49.140 [main] DEBUG org.apache.http.headers -- << Server: Jetty(9.2.9.v20150224)
14:33:49.141 [main] DEBUG org.apache.http.impl.client.DefaultHttpClient -- Connection can be kept alive indefinitely
14:33:49.141 [main] DEBUG io.restassured.internal.RestAssuredHttpBuilder -- Parsing response as: application/json
14:33:49.141 [main] DEBUG io.restassured.internal.RestAssuredHttpBuilder -- Parsed data to instance of: class org.apache.http.conn.EofSensorInputStream
]]></system-out>
  </testcase>
  <testcase name="testPostUser[10005, kiranyadav10005, Kiran, Yadav, kiran.yadav10005@example.com, Ki@10005!Ya, +917702466886, 1](5)" classname="api.test.DDTests" time="1.533">
    <system-out><![CDATA[14:33:49.175 [main] DEBUG org.apache.http.impl.conn.BasicClientConnectionManager -- Get connection for route {s}->https://petstore.swagger.io:443
14:33:49.175 [main] DEBUG org.apache.http.impl.conn.DefaultClientConnectionOperator -- Connecting to petstore.swagger.io:443
14:33:50.131 [main] DEBUG org.apache.http.client.protocol.RequestAddCookies -- CookieSpec selected: ignoreCookies
14:33:50.132 [main] DEBUG org.apache.http.client.protocol.RequestAuthCache -- Auth cache not set in the context
14:33:50.132 [main] DEBUG org.apache.http.client.protocol.RequestTargetAuthentication -- Target auth state: UNCHALLENGED
14:33:50.132 [main] DEBUG org.apache.http.client.protocol.RequestProxyAuthentication -- Proxy auth state: UNCHALLENGED
14:33:50.132 [main] DEBUG org.apache.http.impl.client.DefaultHttpClient -- Attempt 1 to execute request
14:33:50.132 [main] DEBUG org.apache.http.impl.conn.DefaultClientConnection -- Sending request: POST /v2/user HTTP/1.1
14:33:50.132 [main] DEBUG org.apache.http.wire --  >> "POST /v2/user HTTP/1.1[\r][\n]"
14:33:50.132 [main] DEBUG org.apache.http.wire --  >> "Accept: application/json, application/javascript, text/javascript, text/json[\r][\n]"
14:33:50.132 [main] DEBUG org.apache.http.wire --  >> "Content-Type: application/json[\r][\n]"
14:33:50.132 [main] DEBUG org.apache.http.wire --  >> "Content-Length: 183[\r][\n]"
14:33:50.132 [main] DEBUG org.apache.http.wire --  >> "Host: petstore.swagger.io[\r][\n]"
14:33:50.132 [main] DEBUG org.apache.http.wire --  >> "Connection: Keep-Alive[\r][\n]"
14:33:50.132 [main] DEBUG org.apache.http.wire --  >> "User-Agent: Apache-HttpClient/4.5.13 (Java/17.0.16)[\r][\n]"
14:33:50.133 [main] DEBUG org.apache.http.wire --  >> "Accept-Encoding: gzip,deflate[\r][\n]"
14:33:50.133 [main] DEBUG org.apache.http.wire --  >> "[\r][\n]"
14:33:50.133 [main] DEBUG org.apache.http.headers -- >> POST /v2/user HTTP/1.1
14:33:50.133 [main] DEBUG org.apache.http.headers -- >> Accept: application/json, application/javascript, text/javascript, text/json
14:33:50.133 [main] DEBUG org.apache.http.headers -- >> Content-Type: application/json
14:33:50.133 [main] DEBUG org.apache.http.headers -- >> Content-Length: 183
14:33:50.133 [main] DEBUG org.apache.http.headers -- >> Host: petstore.swagger.io
14:33:50.133 [main] DEBUG org.apache.http.headers -- >> Connection: Keep-Alive
14:33:50.133 [main] DEBUG org.apache.http.headers -- >> User-Agent: Apache-HttpClient/4.5.13 (Java/17.0.16)
14:33:50.133 [main] DEBUG org.apache.http.headers -- >> Accept-Encoding: gzip,deflate
14:33:50.133 [main] DEBUG org.apache.http.wire --  >> "{"id":10005,"username":"kiranyadav10005","firstName":"Kiran","lastName":"Yadav","email":"kiran.yadav10005@example.com","password":"Ki@10005!Ya","phone":"+917702466886","userStatus":1}"
14:33:50.674 [main] DEBUG org.apache.http.wire --  << "HTTP/1.1 200 OK[\r][\n]"
14:33:50.674 [main] DEBUG org.apache.http.wire --  << "Date: Tue, 02 Sep 2025 09:03:49 GMT[\r][\n]"
14:33:50.674 [main] DEBUG org.apache.http.wire --  << "Content-Type: application/json[\r][\n]"
14:33:50.674 [main] DEBUG org.apache.http.wire --  << "Transfer-Encoding: chunked[\r][\n]"
14:33:50.674 [main] DEBUG org.apache.http.wire --  << "Connection: keep-alive[\r][\n]"
14:33:50.674 [main] DEBUG org.apache.http.wire --  << "Access-Control-Allow-Origin: *[\r][\n]"
14:33:50.674 [main] DEBUG org.apache.http.wire --  << "Access-Control-Allow-Methods: GET, POST, DELETE, PUT[\r][\n]"
14:33:50.674 [main] DEBUG org.apache.http.wire --  << "Access-Control-Allow-Headers: Content-Type, api_key, Authorization[\r][\n]"
14:33:50.674 [main] DEBUG org.apache.http.wire --  << "Server: Jetty(9.2.9.v20150224)[\r][\n]"
14:33:50.674 [main] DEBUG org.apache.http.wire --  << "[\r][\n]"
14:33:50.675 [main] DEBUG org.apache.http.impl.conn.DefaultClientConnection -- Receiving response: HTTP/1.1 200 OK
14:33:50.675 [main] DEBUG org.apache.http.headers -- << HTTP/1.1 200 OK
14:33:50.675 [main] DEBUG org.apache.http.headers -- << Date: Tue, 02 Sep 2025 09:03:49 GMT
14:33:50.675 [main] DEBUG org.apache.http.headers -- << Content-Type: application/json
14:33:50.675 [main] DEBUG org.apache.http.headers -- << Transfer-Encoding: chunked
14:33:50.675 [main] DEBUG org.apache.http.headers -- << Connection: keep-alive
14:33:50.675 [main] DEBUG org.apache.http.headers -- << Access-Control-Allow-Origin: *
14:33:50.675 [main] DEBUG org.apache.http.headers -- << Access-Control-Allow-Methods: GET, POST, DELETE, PUT
14:33:50.675 [main] DEBUG org.apache.http.headers -- << Access-Control-Allow-Headers: Content-Type, api_key, Authorization
14:33:50.675 [main] DEBUG org.apache.http.headers -- << Server: Jetty(9.2.9.v20150224)
14:33:50.675 [main] DEBUG org.apache.http.impl.client.DefaultHttpClient -- Connection can be kept alive indefinitely
14:33:50.675 [main] DEBUG io.restassured.internal.RestAssuredHttpBuilder -- Parsing response as: application/json
14:33:50.675 [main] DEBUG io.restassured.internal.RestAssuredHttpBuilder -- Parsed data to instance of: class org.apache.http.conn.EofSensorInputStream
]]></system-out>
  </testcase>
  <testcase name="testPostUser[10006, kiranyadav10006, Kiran, Yadav, kiran.yadav10006@example.com, Ki@10006!Ya, +919222077157, 1](6)" classname="api.test.DDTests" time="1.433">
    <system-out><![CDATA[14:33:50.715 [main] DEBUG org.apache.http.impl.conn.BasicClientConnectionManager -- Get connection for route {s}->https://petstore.swagger.io:443
14:33:50.716 [main] DEBUG org.apache.http.impl.conn.DefaultClientConnectionOperator -- Connecting to petstore.swagger.io:443
14:33:51.811 [main] DEBUG org.apache.http.client.protocol.RequestAddCookies -- CookieSpec selected: ignoreCookies
14:33:51.811 [main] DEBUG org.apache.http.client.protocol.RequestAuthCache -- Auth cache not set in the context
14:33:51.811 [main] DEBUG org.apache.http.client.protocol.RequestTargetAuthentication -- Target auth state: UNCHALLENGED
14:33:51.811 [main] DEBUG org.apache.http.client.protocol.RequestProxyAuthentication -- Proxy auth state: UNCHALLENGED
14:33:51.811 [main] DEBUG org.apache.http.impl.client.DefaultHttpClient -- Attempt 1 to execute request
14:33:51.811 [main] DEBUG org.apache.http.impl.conn.DefaultClientConnection -- Sending request: POST /v2/user HTTP/1.1
14:33:51.811 [main] DEBUG org.apache.http.wire --  >> "POST /v2/user HTTP/1.1[\r][\n]"
14:33:51.812 [main] DEBUG org.apache.http.wire --  >> "Accept: application/json, application/javascript, text/javascript, text/json[\r][\n]"
14:33:51.812 [main] DEBUG org.apache.http.wire --  >> "Content-Type: application/json[\r][\n]"
14:33:51.812 [main] DEBUG org.apache.http.wire --  >> "Content-Length: 183[\r][\n]"
14:33:51.812 [main] DEBUG org.apache.http.wire --  >> "Host: petstore.swagger.io[\r][\n]"
14:33:51.812 [main] DEBUG org.apache.http.wire --  >> "Connection: Keep-Alive[\r][\n]"
14:33:51.812 [main] DEBUG org.apache.http.wire --  >> "User-Agent: Apache-HttpClient/4.5.13 (Java/17.0.16)[\r][\n]"
14:33:51.812 [main] DEBUG org.apache.http.wire --  >> "Accept-Encoding: gzip,deflate[\r][\n]"
14:33:51.812 [main] DEBUG org.apache.http.wire --  >> "[\r][\n]"
14:33:51.812 [main] DEBUG org.apache.http.headers -- >> POST /v2/user HTTP/1.1
14:33:51.812 [main] DEBUG org.apache.http.headers -- >> Accept: application/json, application/javascript, text/javascript, text/json
14:33:51.812 [main] DEBUG org.apache.http.headers -- >> Content-Type: application/json
14:33:51.812 [main] DEBUG org.apache.http.headers -- >> Content-Length: 183
14:33:51.812 [main] DEBUG org.apache.http.headers -- >> Host: petstore.swagger.io
14:33:51.812 [main] DEBUG org.apache.http.headers -- >> Connection: Keep-Alive
14:33:51.812 [main] DEBUG org.apache.http.headers -- >> User-Agent: Apache-HttpClient/4.5.13 (Java/17.0.16)
14:33:51.812 [main] DEBUG org.apache.http.headers -- >> Accept-Encoding: gzip,deflate
14:33:51.812 [main] DEBUG org.apache.http.wire --  >> "{"id":10006,"username":"kiranyadav10006","firstName":"Kiran","lastName":"Yadav","email":"kiran.yadav10006@example.com","password":"Ki@10006!Ya","phone":"+919222077157","userStatus":1}"
14:33:52.106 [main] DEBUG org.apache.http.wire --  << "HTTP/1.1 200 OK[\r][\n]"
14:33:52.107 [main] DEBUG org.apache.http.wire --  << "Date: Tue, 02 Sep 2025 09:03:51 GMT[\r][\n]"
14:33:52.107 [main] DEBUG org.apache.http.wire --  << "Content-Type: application/json[\r][\n]"
14:33:52.107 [main] DEBUG org.apache.http.wire --  << "Transfer-Encoding: chunked[\r][\n]"
14:33:52.107 [main] DEBUG org.apache.http.wire --  << "Connection: keep-alive[\r][\n]"
14:33:52.107 [main] DEBUG org.apache.http.wire --  << "Access-Control-Allow-Origin: *[\r][\n]"
14:33:52.107 [main] DEBUG org.apache.http.wire --  << "Access-Control-Allow-Methods: GET, POST, DELETE, PUT[\r][\n]"
14:33:52.107 [main] DEBUG org.apache.http.wire --  << "Access-Control-Allow-Headers: Content-Type, api_key, Authorization[\r][\n]"
14:33:52.107 [main] DEBUG org.apache.http.wire --  << "Server: Jetty(9.2.9.v20150224)[\r][\n]"
14:33:52.107 [main] DEBUG org.apache.http.wire --  << "[\r][\n]"
14:33:52.107 [main] DEBUG org.apache.http.impl.conn.DefaultClientConnection -- Receiving response: HTTP/1.1 200 OK
14:33:52.107 [main] DEBUG org.apache.http.headers -- << HTTP/1.1 200 OK
14:33:52.107 [main] DEBUG org.apache.http.headers -- << Date: Tue, 02 Sep 2025 09:03:51 GMT
14:33:52.107 [main] DEBUG org.apache.http.headers -- << Content-Type: application/json
14:33:52.107 [main] DEBUG org.apache.http.headers -- << Transfer-Encoding: chunked
14:33:52.107 [main] DEBUG org.apache.http.headers -- << Connection: keep-alive
14:33:52.107 [main] DEBUG org.apache.http.headers -- << Access-Control-Allow-Origin: *
14:33:52.107 [main] DEBUG org.apache.http.headers -- << Access-Control-Allow-Methods: GET, POST, DELETE, PUT
14:33:52.107 [main] DEBUG org.apache.http.headers -- << Access-Control-Allow-Headers: Content-Type, api_key, Authorization
14:33:52.107 [main] DEBUG org.apache.http.headers -- << Server: Jetty(9.2.9.v20150224)
14:33:52.107 [main] DEBUG org.apache.http.impl.client.DefaultHttpClient -- Connection can be kept alive indefinitely
14:33:52.108 [main] DEBUG io.restassured.internal.RestAssuredHttpBuilder -- Parsing response as: application/json
14:33:52.108 [main] DEBUG io.restassured.internal.RestAssuredHttpBuilder -- Parsed data to instance of: class org.apache.http.conn.EofSensorInputStream
]]></system-out>
  </testcase>
  <testcase name="testPostUser[10007, anayamalhotra10007, Anaya, Malhotra, anaya.malhotra10007@example.com, An@10007!Ma, +918331609829, 1](7)" classname="api.test.DDTests" time="1.469">
    <system-out><![CDATA[14:33:52.144 [main] DEBUG org.apache.http.impl.conn.BasicClientConnectionManager -- Get connection for route {s}->https://petstore.swagger.io:443
14:33:52.144 [main] DEBUG org.apache.http.impl.conn.DefaultClientConnectionOperator -- Connecting to petstore.swagger.io:443
14:33:53.234 [main] DEBUG org.apache.http.client.protocol.RequestAddCookies -- CookieSpec selected: ignoreCookies
14:33:53.234 [main] DEBUG org.apache.http.client.protocol.RequestAuthCache -- Auth cache not set in the context
14:33:53.234 [main] DEBUG org.apache.http.client.protocol.RequestTargetAuthentication -- Target auth state: UNCHALLENGED
14:33:53.234 [main] DEBUG org.apache.http.client.protocol.RequestProxyAuthentication -- Proxy auth state: UNCHALLENGED
14:33:53.234 [main] DEBUG org.apache.http.impl.client.DefaultHttpClient -- Attempt 1 to execute request
14:33:53.234 [main] DEBUG org.apache.http.impl.conn.DefaultClientConnection -- Sending request: POST /v2/user HTTP/1.1
14:33:53.235 [main] DEBUG org.apache.http.wire --  >> "POST /v2/user HTTP/1.1[\r][\n]"
14:33:53.235 [main] DEBUG org.apache.http.wire --  >> "Accept: application/json, application/javascript, text/javascript, text/json[\r][\n]"
14:33:53.235 [main] DEBUG org.apache.http.wire --  >> "Content-Type: application/json[\r][\n]"
14:33:53.235 [main] DEBUG org.apache.http.wire --  >> "Content-Length: 192[\r][\n]"
14:33:53.235 [main] DEBUG org.apache.http.wire --  >> "Host: petstore.swagger.io[\r][\n]"
14:33:53.235 [main] DEBUG org.apache.http.wire --  >> "Connection: Keep-Alive[\r][\n]"
14:33:53.235 [main] DEBUG org.apache.http.wire --  >> "User-Agent: Apache-HttpClient/4.5.13 (Java/17.0.16)[\r][\n]"
14:33:53.235 [main] DEBUG org.apache.http.wire --  >> "Accept-Encoding: gzip,deflate[\r][\n]"
14:33:53.235 [main] DEBUG org.apache.http.wire --  >> "[\r][\n]"
14:33:53.235 [main] DEBUG org.apache.http.headers -- >> POST /v2/user HTTP/1.1
14:33:53.235 [main] DEBUG org.apache.http.headers -- >> Accept: application/json, application/javascript, text/javascript, text/json
14:33:53.235 [main] DEBUG org.apache.http.headers -- >> Content-Type: application/json
14:33:53.235 [main] DEBUG org.apache.http.headers -- >> Content-Length: 192
14:33:53.235 [main] DEBUG org.apache.http.headers -- >> Host: petstore.swagger.io
14:33:53.235 [main] DEBUG org.apache.http.headers -- >> Connection: Keep-Alive
14:33:53.236 [main] DEBUG org.apache.http.headers -- >> User-Agent: Apache-HttpClient/4.5.13 (Java/17.0.16)
14:33:53.236 [main] DEBUG org.apache.http.headers -- >> Accept-Encoding: gzip,deflate
14:33:53.236 [main] DEBUG org.apache.http.wire --  >> "{"id":10007,"username":"anayamalhotra10007","firstName":"Anaya","lastName":"Malhotra","email":"anaya.malhotra10007@example.com","password":"An@10007!Ma","phone":"+918331609829","userStatus":1}"
14:33:53.574 [main] DEBUG org.apache.http.wire --  << "HTTP/1.1 200 OK[\r][\n]"
14:33:53.574 [main] DEBUG org.apache.http.wire --  << "Date: Tue, 02 Sep 2025 09:03:52 GMT[\r][\n]"
14:33:53.575 [main] DEBUG org.apache.http.wire --  << "Content-Type: application/json[\r][\n]"
[...]
14:35:59.846 [main] DEBUG org.apache.http.headers -- >> Connection: Keep-Alive
14:35:59.846 [main] DEBUG org.apache.http.headers -- >> User-Agent: Apache-HttpClient/4.5.13 (Java/17.0.16)
14:35:59.846 [main] DEBUG org.apache.http.headers -- >> Accept-Encoding: gzip,deflate
14:36:00.107 [main] DEBUG org.apache.http.wire --  << "HTTP/1.1 404 Not Found[\r][\n]"
14:36:00.108 [main] DEBUG org.apache.http.wire --  << "Date: Tue, 02 Sep 2025 09:05:59 GMT[\r][\n]"
14:36:00.108 [main] DEBUG org.apache.http.wire --  << "Content-Length: 0[\r][\n]"
14:36:00.108 [main] DEBUG org.apache.http.wire --  << "Connection: keep-alive[\r][\n]"
14:36:00.108 [main] DEBUG org.apache.http.wire --  << "Access-Control-Allow-Origin: *[\r][\n]"
14:36:00.108 [main] DEBUG org.apache.http.wire --  << "Access-Control-Allow-Methods: GET, POST, DELETE, PUT[\r][\n]"
14:36:00.108 [main] DEBUG org.apache.http.wire --  << "Access-Control-Allow-Headers: Content-Type, api_key, Authorization[\r][\n]"
14:36:00.108 [main] DEBUG org.apache.http.wire --  << "Server: Jetty(9.2.9.v20150224)[\r][\n]"
14:36:00.108 [main] DEBUG org.apache.http.wire --  << "[\r][\n]"
14:36:00.108 [main] DEBUG org.apache.http.impl.conn.DefaultClientConnection -- Receiving response: HTTP/1.1 404 Not Found
14:36:00.108 [main] DEBUG org.apache.http.headers -- << HTTP/1.1 404 Not Found
14:36:00.108 [main] DEBUG org.apache.http.headers -- << Date: Tue, 02 Sep 2025 09:05:59 GMT
14:36:00.108 [main] DEBUG org.apache.http.headers -- << Content-Length: 0
14:36:00.108 [main] DEBUG org.apache.http.headers -- << Connection: keep-alive
14:36:00.108 [main] DEBUG org.apache.http.headers -- << Access-Control-Allow-Origin: *
14:36:00.108 [main] DEBUG org.apache.http.headers -- << Access-Control-Allow-Methods: GET, POST, DELETE, PUT
14:36:00.108 [main] DEBUG org.apache.http.headers -- << Access-Control-Allow-Headers: Content-Type, api_key, Authorization
14:36:00.108 [main] DEBUG org.apache.http.headers -- << Server: Jetty(9.2.9.v20150224)
14:36:00.108 [main] DEBUG org.apache.http.impl.client.DefaultHttpClient -- Connection can be kept alive indefinitely
]]></system-out>
  </testcase>
  <testcase name="deleteAllUsers[kavyadesai10047](47)" classname="api.test.DDTests" time="1.539">
    <system-out><![CDATA[14:36:00.229 [main] DEBUG org.apache.http.impl.conn.BasicClientConnectionManager -- Get connection for route {s}->https://petstore.swagger.io:443
14:36:00.229 [main] DEBUG org.apache.http.impl.conn.DefaultClientConnectionOperator -- Connecting to petstore.swagger.io:443
14:36:01.007 [main] DEBUG org.apache.http.client.protocol.RequestAddCookies -- CookieSpec selected: ignoreCookies
14:36:01.009 [main] DEBUG org.apache.http.client.protocol.RequestAuthCache -- Auth cache not set in the context
14:36:01.011 [main] DEBUG org.apache.http.client.protocol.RequestTargetAuthentication -- Target auth state: UNCHALLENGED
14:36:01.011 [main] DEBUG org.apache.http.client.protocol.RequestProxyAuthentication -- Proxy auth state: UNCHALLENGED
14:36:01.011 [main] DEBUG org.apache.http.impl.client.DefaultHttpClient -- Attempt 1 to execute request
14:36:01.011 [main] DEBUG org.apache.http.impl.conn.DefaultClientConnection -- Sending request: DELETE /v2/user/kavyadesai10047 HTTP/1.1
14:36:01.011 [main] DEBUG org.apache.http.wire --  >> "DELETE /v2/user/kavyadesai10047 HTTP/1.1[\r][\n]"
14:36:01.011 [main] DEBUG org.apache.http.wire --  >> "Accept: */*[\r][\n]"
14:36:01.011 [main] DEBUG org.apache.http.wire --  >> "Host: petstore.swagger.io[\r][\n]"
14:36:01.011 [main] DEBUG org.apache.http.wire --  >> "Connection: Keep-Alive[\r][\n]"
14:36:01.014 [main] DEBUG org.apache.http.wire --  >> "User-Agent: Apache-HttpClient/4.5.13 (Java/17.0.16)[\r][\n]"
14:36:01.014 [main] DEBUG org.apache.http.wire --  >> "Accept-Encoding: gzip,deflate[\r][\n]"
14:36:01.014 [main] DEBUG org.apache.http.wire --  >> "[\r][\n]"
14:36:01.014 [main] DEBUG org.apache.http.headers -- >> DELETE /v2/user/kavyadesai10047 HTTP/1.1
14:36:01.014 [main] DEBUG org.apache.http.headers -- >> Accept: */*
14:36:01.014 [main] DEBUG org.apache.http.headers -- >> Host: petstore.swagger.io
14:36:01.014 [main] DEBUG org.apache.http.headers -- >> Connection: Keep-Alive
14:36:01.014 [main] DEBUG org.apache.http.headers -- >> User-Agent: Apache-HttpClient/4.5.13 (Java/17.0.16)
14:36:01.014 [main] DEBUG org.apache.http.headers -- >> Accept-Encoding: gzip,deflate
14:36:01.341 [main] DEBUG org.apache.http.wire --  << "HTTP/1.1 200 OK[\r][\n]"
14:36:01.341 [main] DEBUG org.apache.http.wire --  << "Date: Tue, 02 Sep 2025 09:06:00 GMT[\r][\n]"
14:36:01.341 [main] DEBUG org.apache.http.wire --  << "Content-Type: application/json[\r][\n]"
14:36:01.341 [main] DEBUG org.apache.http.wire --  << "Transfer-Encoding: chunked[\r][\n]"
14:36:01.341 [main] DEBUG org.apache.http.wire --  << "Connection: keep-alive[\r][\n]"
14:36:01.341 [main] DEBUG org.apache.http.wire --  << "Access-Control-Allow-Origin: *[\r][\n]"
14:36:01.341 [main] DEBUG org.apache.http.wire --  << "Access-Control-Allow-Methods: GET, POST, DELETE, PUT[\r][\n]"
14:36:01.341 [main] DEBUG org.apache.http.wire --  << "Access-Control-Allow-Headers: Content-Type, api_key, Authorization[\r][\n]"
14:36:01.341 [main] DEBUG org.apache.http.wire --  << "Server: Jetty(9.2.9.v20150224)[\r][\n]"
14:36:01.341 [main] DEBUG org.apache.http.wire --  << "[\r][\n]"
14:36:01.341 [main] DEBUG org.apache.http.impl.conn.DefaultClientConnection -- Receiving response: HTTP/1.1 200 OK
14:36:01.341 [main] DEBUG org.apache.http.headers -- << HTTP/1.1 200 OK
14:36:01.341 [main] DEBUG org.apache.http.headers -- << Date: Tue, 02 Sep 2025 09:06:00 GMT
14:36:01.341 [main] DEBUG org.apache.http.headers -- << Content-Type: application/json
14:36:01.341 [main] DEBUG org.apache.http.headers -- << Transfer-Encoding: chunked
14:36:01.341 [main] DEBUG org.apache.http.headers -- << Connection: keep-alive
14:36:01.343 [main] DEBUG org.apache.http.headers -- << Access-Control-Allow-Origin: *
14:36:01.343 [main] DEBUG org.apache.http.headers -- << Access-Control-Allow-Methods: GET, POST, DELETE, PUT
14:36:01.343 [main] DEBUG org.apache.http.headers -- << Access-Control-Allow-Headers: Content-Type, api_key, Authorization
14:36:01.343 [main] DEBUG org.apache.http.headers -- << Server: Jetty(9.2.9.v20150224)
14:36:01.343 [main] DEBUG org.apache.http.impl.client.DefaultHttpClient -- Connection can be kept alive indefinitely
14:36:01.343 [main] DEBUG io.restassured.internal.RestAssuredHttpBuilder -- Parsing response as: application/json
14:36:01.343 [main] DEBUG io.restassured.internal.RestAssuredHttpBuilder -- Parsed data to instance of: class org.apache.http.conn.EofSensorInputStream
]]></system-out>
  </testcase>
  <testcase name="deleteAllUsers[kavyamukherjee10048](48)" classname="api.test.DDTests" time="0.969">
    <system-out><![CDATA[14:36:01.572 [main] DEBUG org.apache.http.impl.conn.BasicClientConnectionManager -- Get connection for route {s}->https://petstore.swagger.io:443
14:36:01.572 [main] DEBUG org.apache.http.impl.conn.DefaultClientConnectionOperator -- Connecting to petstore.swagger.io:443
14:36:02.569 [main] DEBUG org.apache.http.client.protocol.RequestAddCookies -- CookieSpec selected: ignoreCookies
14:36:02.569 [main] DEBUG org.apache.http.client.protocol.RequestAuthCache -- Auth cache not set in the context
14:36:02.569 [main] DEBUG org.apache.http.client.protocol.RequestTargetAuthentication -- Target auth state: UNCHALLENGED
14:36:02.569 [main] DEBUG org.apache.http.client.protocol.RequestProxyAuthentication -- Proxy auth state: UNCHALLENGED
14:36:02.569 [main] DEBUG org.apache.http.impl.client.DefaultHttpClient -- Attempt 1 to execute request
14:36:02.569 [main] DEBUG org.apache.http.impl.conn.DefaultClientConnection -- Sending request: DELETE /v2/user/kavyamukherjee10048 HTTP/1.1
14:36:02.569 [main] DEBUG org.apache.http.wire --  >> "DELETE /v2/user/kavyamukherjee10048 HTTP/1.1[\r][\n]"
14:36:02.569 [main] DEBUG org.apache.http.wire --  >> "Accept: */*[\r][\n]"
14:36:02.569 [main] DEBUG org.apache.http.wire --  >> "Host: petstore.swagger.io[\r][\n]"
14:36:02.569 [main] DEBUG org.apache.http.wire --  >> "Connection: Keep-Alive[\r][\n]"
14:36:02.569 [main] DEBUG org.apache.http.wire --  >> "User-Agent: Apache-HttpClient/4.5.13 (Java/17.0.16)[\r][\n]"
14:36:02.569 [main] DEBUG org.apache.http.wire --  >> "Accept-Encoding: gzip,deflate[\r][\n]"
14:36:02.569 [main] DEBUG org.apache.http.wire --  >> "[\r][\n]"
14:36:02.569 [main] DEBUG org.apache.http.headers -- >> DELETE /v2/user/kavyamukherjee10048 HTTP/1.1
14:36:02.569 [main] DEBUG org.apache.http.headers -- >> Accept: */*
14:36:02.569 [main] DEBUG org.apache.http.headers -- >> Host: petstore.swagger.io
14:36:02.569 [main] DEBUG org.apache.http.headers -- >> Connection: Keep-Alive
14:36:02.569 [main] DEBUG org.apache.http.headers -- >> User-Agent: Apache-HttpClient/4.5.13 (Java/17.0.16)
14:36:02.569 [main] DEBUG org.apache.http.headers -- >> Accept-Encoding: gzip,deflate
14:36:02.810 [main] DEBUG org.apache.http.wire --  << "HTTP/1.1 200 OK[\r][\n]"
14:36:02.810 [main] DEBUG org.apache.http.wire --  << "Date: Tue, 02 Sep 2025 09:06:02 GMT[\r][\n]"
14:36:02.810 [main] DEBUG org.apache.http.wire --  << "Content-Type: application/json[\r][\n]"
14:36:02.810 [main] DEBUG org.apache.http.wire --  << "Transfer-Encoding: chunked[\r][\n]"
14:36:02.810 [main] DEBUG org.apache.http.wire --  << "Connection: keep-alive[\r][\n]"
14:36:02.810 [main] DEBUG org.apache.http.wire --  << "Access-Control-Allow-Origin: *[\r][\n]"
14:36:02.810 [main] DEBUG org.apache.http.wire --  << "Access-Control-Allow-Methods: GET, POST, DELETE, PUT[\r][\n]"
14:36:02.810 [main] DEBUG org.apache.http.wire --  << "Access-Control-Allow-Headers: Content-Type, api_key, Authorization[\r][\n]"
14:36:02.810 [main] DEBUG org.apache.http.wire --  << "Server: Jetty(9.2.9.v20150224)[\r][\n]"
14:36:02.810 [main] DEBUG org.apache.http.wire --  << "[\r][\n]"
14:36:02.810 [main] DEBUG org.apache.http.impl.conn.DefaultClientConnection -- Receiving response: HTTP/1.1 200 OK
14:36:02.810 [main] DEBUG org.apache.http.headers -- << HTTP/1.1 200 OK
14:36:02.810 [main] DEBUG org.apache.http.headers -- << Date: Tue, 02 Sep 2025 09:06:02 GMT
14:36:02.810 [main] DEBUG org.apache.http.headers -- << Content-Type: application/json
14:36:02.810 [main] DEBUG org.apache.http.headers -- << Transfer-Encoding: chunked
14:36:02.810 [main] DEBUG org.apache.http.headers -- << Connection: keep-alive
14:36:02.810 [main] DEBUG org.apache.http.headers -- << Access-Control-Allow-Origin: *
14:36:02.810 [main] DEBUG org.apache.http.headers -- << Access-Control-Allow-Methods: GET, POST, DELETE, PUT
14:36:02.810 [main] DEBUG org.apache.http.headers -- << Access-Control-Allow-Headers: Content-Type, api_key, Authorization
14:36:02.810 [main] DEBUG org.apache.http.headers -- << Server: Jetty(9.2.9.v20150224)
14:36:02.810 [main] DEBUG org.apache.http.impl.client.DefaultHttpClient -- Connection can be kept alive indefinitely
14:36:02.810 [main] DEBUG io.restassured.internal.RestAssuredHttpBuilder -- Parsing response as: application/json
14:36:02.810 [main] DEBUG io.restassured.internal.RestAssuredHttpBuilder -- Parsed data to instance of: class org.apache.http.conn.EofSensorInputStream
]]></system-out>
  </testcase>
  <testcase name="deleteAllUsers[adityakapoor10049](49)" classname="api.test.DDTests" time="1.268">
    <system-out><![CDATA[14:36:02.847 [main] DEBUG org.apache.http.impl.conn.BasicClientConnectionManager -- Get connection for route {s}->https://petstore.swagger.io:443
14:36:02.847 [main] DEBUG org.apache.http.impl.conn.DefaultClientConnectionOperator -- Connecting to petstore.swagger.io:443
14:36:03.704 [main] DEBUG org.apache.http.client.protocol.RequestAddCookies -- CookieSpec selected: ignoreCookies
14:36:03.704 [main] DEBUG org.apache.http.client.protocol.RequestAuthCache -- Auth cache not set in the context
14:36:03.704 [main] DEBUG org.apache.http.client.protocol.RequestTargetAuthentication -- Target auth state: UNCHALLENGED
14:36:03.704 [main] DEBUG org.apache.http.client.protocol.RequestProxyAuthentication -- Proxy auth state: UNCHALLENGED
14:36:03.704 [main] DEBUG org.apache.http.impl.client.DefaultHttpClient -- Attempt 1 to execute request
14:36:03.704 [main] DEBUG org.apache.http.impl.conn.DefaultClientConnection -- Sending request: DELETE /v2/user/adityakapoor10049 HTTP/1.1
14:36:03.706 [main] DEBUG org.apache.http.wire --  >> "DELETE /v2/user/adityakapoor10049 HTTP/1.1[\r][\n]"
14:36:03.706 [main] DEBUG org.apache.http.wire --  >> "Accept: */*[\r][\n]"
14:36:03.706 [main] DEBUG org.apache.http.wire --  >> "Host: petstore.swagger.io[\r][\n]"
14:36:03.706 [main] DEBUG org.apache.http.wire --  >> "Connection: Keep-Alive[\r][\n]"
14:36:03.706 [main] DEBUG org.apache.http.wire --  >> "User-Agent: Apache-HttpClient/4.5.13 (Java/17.0.16)[\r][\n]"
14:36:03.706 [main] DEBUG org.apache.http.wire --  >> "Accept-Encoding: gzip,deflate[\r][\n]"
14:36:03.706 [main] DEBUG org.apache.http.wire --  >> "[\r][\n]"
14:36:03.706 [main] DEBUG org.apache.http.headers -- >> DELETE /v2/user/adityakapoor10049 HTTP/1.1
14:36:03.706 [main] DEBUG org.apache.http.headers -- >> Accept: */*
14:36:03.706 [main] DEBUG org.apache.http.headers -- >> Host: petstore.swagger.io
14:36:03.706 [main] DEBUG org.apache.http.headers -- >> Connection: Keep-Alive
14:36:03.706 [main] DEBUG org.apache.http.headers -- >> User-Agent: Apache-HttpClient/4.5.13 (Java/17.0.16)
14:36:03.706 [main] DEBUG org.apache.http.headers -- >> Accept-Encoding: gzip,deflate
14:36:04.001 [main] DEBUG org.apache.http.wire --  << "HTTP/1.1 404 Not Found[\r][\n]"
14:36:04.003 [main] DEBUG org.apache.http.wire --  << "Date: Tue, 02 Sep 2025 09:06:03 GMT[\r][\n]"
14:36:04.003 [main] DEBUG org.apache.http.wire --  << "Content-Length: 0[\r][\n]"
14:36:04.003 [main] DEBUG org.apache.http.wire --  << "Connection: keep-alive[\r][\n]"
14:36:04.003 [main] DEBUG org.apache.http.wire --  << "Access-Control-Allow-Origin: *[\r][\n]"
14:36:04.003 [main] DEBUG org.apache.http.wire --  << "Access-Control-Allow-Methods: GET, POST, DELETE, PUT[\r][\n]"
14:36:04.003 [main] DEBUG org.apache.http.wire --  << "Access-Control-Allow-Headers: Content-Type, api_key, Authorization[\r][\n]"
14:36:04.003 [main] DEBUG org.apache.http.wire --  << "Server: Jetty(9.2.9.v20150224)[\r][\n]"
14:36:04.003 [main] DEBUG org.apache.http.wire --  << "[\r][\n]"
14:36:04.003 [main] DEBUG org.apache.http.impl.conn.DefaultClientConnection -- Receiving response: HTTP/1.1 404 Not Found
14:36:04.005 [main] DEBUG org.apache.http.headers -- << HTTP/1.1 404 Not Found
14:36:04.005 [main] DEBUG org.apache.http.headers -- << Date: Tue, 02 Sep 2025 09:06:03 GMT
14:36:04.005 [main] DEBUG org.apache.http.headers -- << Content-Length: 0
14:36:04.005 [main] DEBUG org.apache.http.headers -- << Connection: keep-alive
14:36:04.005 [main] DEBUG org.apache.http.headers -- << Access-Control-Allow-Origin: *
14:36:04.005 [main] DEBUG org.apache.http.headers -- << Access-Control-Allow-Methods: GET, POST, DELETE, PUT
14:36:04.005 [main] DEBUG org.apache.http.headers -- << Access-Control-Allow-Headers: Content-Type, api_key, Authorization
14:36:04.005 [main] DEBUG org.apache.http.headers -- << Server: Jetty(9.2.9.v20150224)
14:36:04.007 [main] DEBUG org.apache.http.impl.client.DefaultHttpClient -- Connection can be kept alive indefinitely
]]></system-out>
  </testcase>
  <testcase name="deleteAllUsers[aryanrastogi10050](50)" classname="api.test.DDTests" time="1.535">
    <system-out><![CDATA[14:36:04.097 [main] DEBUG org.apache.http.impl.conn.BasicClientConnectionManager -- Get connection for route {s}->https://petstore.swagger.io:443
14:36:04.113 [main] DEBUG org.apache.http.impl.conn.DefaultClientConnectionOperator -- Connecting to petstore.swagger.io:443
14:36:04.975 [main] DEBUG org.apache.http.client.protocol.RequestAddCookies -- CookieSpec selected: ignoreCookies
14:36:04.975 [main] DEBUG org.apache.http.client.protocol.RequestAuthCache -- Auth cache not set in the context
14:36:04.975 [main] DEBUG org.apache.http.client.protocol.RequestTargetAuthentication -- Target auth state: UNCHALLENGED
14:36:04.975 [main] DEBUG org.apache.http.client.protocol.RequestProxyAuthentication -- Proxy auth state: UNCHALLENGED
14:36:04.975 [main] DEBUG org.apache.http.impl.client.DefaultHttpClient -- Attempt 1 to execute request
14:36:04.975 [main] DEBUG org.apache.http.impl.conn.DefaultClientConnection -- Sending request: DELETE /v2/user/aryanrastogi10050 HTTP/1.1
14:36:04.975 [main] DEBUG org.apache.http.wire --  >> "DELETE /v2/user/aryanrastogi10050 HTTP/1.1[\r][\n]"
14:36:04.975 [main] DEBUG org.apache.http.wire --  >> "Accept: */*[\r][\n]"
14:36:04.975 [main] DEBUG org.apache.http.wire --  >> "Host: petstore.swagger.io[\r][\n]"
14:36:04.975 [main] DEBUG org.apache.http.wire --  >> "Connection: Keep-Alive[\r][\n]"
14:36:04.975 [main] DEBUG org.apache.http.wire --  >> "User-Agent: Apache-HttpClient/4.5.13 (Java/17.0.16)[\r][\n]"
14:36:04.975 [main] DEBUG org.apache.http.wire --  >> "Accept-Encoding: gzip,deflate[\r][\n]"
14:36:04.975 [main] DEBUG org.apache.http.wire --  >> "[\r][\n]"
14:36:04.975 [main] DEBUG org.apache.http.headers -- >> DELETE /v2/user/aryanrastogi10050 HTTP/1.1
14:36:04.975 [main] DEBUG org.apache.http.headers -- >> Accept: */*
14:36:04.975 [main] DEBUG org.apache.http.headers -- >> Host: petstore.swagger.io
14:36:04.975 [main] DEBUG org.apache.http.headers -- >> Connection: Keep-Alive
14:36:04.975 [main] DEBUG org.apache.http.headers -- >> User-Agent: Apache-HttpClient/4.5.13 (Java/17.0.16)
14:36:04.975 [main] DEBUG org.apache.http.headers -- >> Accept-Encoding: gzip,deflate
14:36:05.258 [main] DEBUG org.apache.http.wire --  << "HTTP/1.1 200 OK[\r][\n]"
14:36:05.260 [main] DEBUG org.apache.http.wire --  << "Date: Tue, 02 Sep 2025 09:06:04 GMT[\r][\n]"
14:36:05.260 [main] DEBUG org.apache.http.wire --  << "Content-Type: application/json[\r][\n]"
14:36:05.260 [main] DEBUG org.apache.http.wire --  << "Transfer-Encoding: chunked[\r][\n]"
14:36:05.260 [main] DEBUG org.apache.http.wire --  << "Connection: keep-alive[\r][\n]"
14:36:05.260 [main] DEBUG org.apache.http.wire --  << "Access-Control-Allow-Origin: *[\r][\n]"
14:36:05.260 [main] DEBUG org.apache.http.wire --  << "Access-Control-Allow-Methods: GET, POST, DELETE, PUT[\r][\n]"
14:36:05.260 [main] DEBUG org.apache.http.wire --  << "Access-Control-Allow-Headers: Content-Type, api_key, Authorization[\r][\n]"
14:36:05.260 [main] DEBUG org.apache.http.wire --  << "Server: Jetty(9.2.9.v20150224)[\r][\n]"
14:36:05.260 [main] DEBUG org.apache.http.wire --  << "[\r][\n]"
14:36:05.260 [main] DEBUG org.apache.http.impl.conn.DefaultClientConnection -- Receiving response: HTTP/1.1 200 OK
14:36:05.260 [main] DEBUG org.apache.http.headers -- << HTTP/1.1 200 OK
14:36:05.260 [main] DEBUG org.apache.http.headers -- << Date: Tue, 02 Sep 2025 09:06:04 GMT
14:36:05.260 [main] DEBUG org.apache.http.headers -- << Content-Type: application/json
14:36:05.260 [main] DEBUG org.apache.http.headers -- << Transfer-Encoding: chunked
14:36:05.260 [main] DEBUG org.apache.http.headers -- << Connection: keep-alive
14:36:05.260 [main] DEBUG org.apache.http.headers -- << Access-Control-Allow-Origin: *
14:36:05.260 [main] DEBUG org.apache.http.headers -- << Access-Control-Allow-Methods: GET, POST, DELETE, PUT
14:36:05.260 [main] DEBUG org.apache.http.headers -- << Access-Control-Allow-Headers: Content-Type, api_key, Authorization
14:36:05.260 [main] DEBUG org.apache.http.headers -- << Server: Jetty(9.2.9.v20150224)
14:36:05.260 [main] DEBUG org.apache.http.impl.client.DefaultHttpClient -- Connection can be kept alive indefinitely
14:36:05.260 [main] DEBUG io.restassured.internal.RestAssuredHttpBuilder -- Parsing response as: application/json
14:36:05.260 [main] DEBUG io.restassured.internal.RestAssuredHttpBuilder -- Parsed data to instance of: class org.apache.http.conn.EofSensorInputStream
]]></system-out>
  </testcase>
</testsuite>