<?xml version="1.0" encoding="UTF-8"?>
<testng-results ignored="18" total="20" passed="2" failed="0" skipped="0">
  <reporter-output>
  </reporter-output>
  <suite started-at="2025-09-11T11:57:33 IST" name="PetStoreAutomationSuite" finished-at="2025-09-11T11:57:34 IST" duration-ms="1229">
    <groups>
      <group name="smoke">
        <method signature="UserTests.testCreateUser()[pri:0, instance:api.test.UserTests@33990a0c]" name="testCreateUser" class="api.test.UserTests"/>
        <method signature="UserTests.testDeleteUser()[pri:0, instance:api.test.UserTests@33990a0c]" name="testDeleteUser" class="api.test.UserTests"/>
      </group> <!-- smoke -->
      <group name="delete">
        <method signature="UserTests.testDeleteUser()[pri:0, instance:api.test.UserTests@33990a0c]" name="testDeleteUser" class="api.test.UserTests"/>
      </group> <!-- delete -->
    </groups>
    <test started-at="2025-09-11T11:57:33 IST" name="Smoke Test Execution" finished-at="2025-09-11T11:57:34 IST" duration-ms="553">
      <class name="api.test.UserTests">
        <test-method signature="testCreateUser()[pri:0, instance:api.test.UserTests@33990a0c]" started-at="2025-09-11T11:57:34 IST" name="testCreateUser" finished-at="2025-09-11T11:57:34 IST" duration-ms="52" status="PASS">
          <reporter-output>
          </reporter-output>
        </test-method> <!-- testCreateUser -->
        <test-method signature="testDeleteUser()[pri:0, instance:api.test.UserTests@33990a0c]" started-at="2025-09-11T11:57:34 IST" name="testDeleteUser" finished-at="2025-09-11T11:57:34 IST" duration-ms="3" status="PASS">
          <reporter-output>
          </reporter-output>
        </test-method> <!-- testDeleteUser -->
      </class> <!-- api.test.UserTests -->
    </test> <!-- Smoke Test Execution -->
    <test started-at="2025-09-11T11:57:34 IST" name="Sanity Test Execution" finished-at="2025-09-11T11:57:34 IST" duration-ms="1">
    </test> <!-- Sanity Test Execution -->
  </suite> <!-- PetStoreAutomationSuite -->
</testng-results>
