<?xml version="1.0" encoding="UTF-8"?>
<!-- Generated by org.testng.reporters.JUnitXMLReporter -->
<testsuite ignored="8" hostname="Raghav_Global" failures="0" tests="2" name="Smoke Test Execution" time="0.516" errors="0" timestamp="2025-09-11T11:59:37 IST">
  <testcase classname="api.test.UserTests" name="testCreateUser" time="0.033"/>
  <testcase classname="api.test.UserTests" name="testDeleteUser" time="0.0"/>
  <testcase classname="api.test.DDTests" name="deleteAllUsers" time="0.0">
    <ignored/>
  </testcase> <!-- deleteAllUsers -->
  <testcase classname="api.test.UserTests2" name="testUpdateUser" time="0.0">
    <ignored/>
  </testcase> <!-- testUpdateUser -->
  <testcase classname="api.test.UserTests2" name="testGetUserByName" time="0.0">
    <ignored/>
  </testcase> <!-- testGetUserByName -->
  <testcase classname="api.test.UserTests2" name="testDeleteUser" time="0.0">
    <ignored/>
  </testcase> <!-- testDeleteUser -->
  <testcase classname="api.test.DDTests" name="testPostUser" time="0.0">
    <ignored/>
  </testcase> <!-- testPostUser -->
  <testcase classname="api.test.UserTests2" name="testPostUser" time="0.0">
    <ignored/>
  </testcase> <!-- testPostUser -->
  <testcase classname="api.test.UserTests" name="testUpdateUser" time="0.0">
    <ignored/>
  </testcase> <!-- testUpdateUser -->
  <testcase classname="api.test.UserTests" name="testGetUserByName" time="0.0">
    <ignored/>
  </testcase> <!-- testGetUserByName -->
</testsuite> <!-- Smoke Test Execution -->
